Using pre-set license
Built from '2020.3/staging' branch; Version is '2020.3.17f1 (a4537701e4ab) revision 10769271'; Using compiler version '192528614'; Build Type 'Release'
OS: 'Windows 10 Education; OS build 19042.928; Version 2009; 64bit' Language: 'sv' Physical Memory: 16064 MB
BatchMode: 1, IsHumanControllingUs: 0, StartBugReporterOnCrash: 0, Is64bit: 1, IsPro: 0

COMMAND LINE ARGUMENTS:
C:\Program Files (x86)\Microsoft Visual Studio\2020.3.19f1\Editor\2020.3.17f1\Editor\Unity.exe
-adb2
-batchMode
-noUpm
-name
AssetImportWorker1
-projectPath
C:/Users/Mohammad.Saberi/Documents/GitHub/Mohammad/FPS Microgame
-logFile
Logs/AssetImportWorker1.log
-srvPort
57392
Successfully changed project path to: C:/Users/Mohammad.Saberi/Documents/GitHub/Mohammad/FPS Microgame
C:/Users/Mohammad.Saberi/Documents/GitHub/Mohammad/FPS Microgame
Using Asset Import Pipeline V2.
Refreshing native plugins compatible for Editor in 46.13 ms, found 2 plugins.
Preloading 0 native plugins for Editor in 0.00 ms.
Initialize engine version: 2020.3.17f1 (a4537701e4ab)
[Subsystems] Discovering subsystems at path C:/Program Files (x86)/Microsoft Visual Studio/2020.3.19f1/Editor/2020.3.17f1/Editor/Data/Resources/UnitySubsystems
[Subsystems] Discovering subsystems at path C:/Users/Mohammad.Saberi/Documents/GitHub/Mohammad/FPS Microgame/Assets
GfxDevice: creating device client; threaded=0
Direct3D:
    Version:  Direct3D 11.0 [level 11.1]
    Renderer: NVIDIA GeForce MX450 (ID=0x1f97)
    Vendor:   
    VRAM:     1928 MB
    Driver:   27.21.14.6230
Initialize mono
Mono path[0] = 'C:/Program Files (x86)/Microsoft Visual Studio/2020.3.19f1/Editor/2020.3.17f1/Editor/Data/Managed'
Mono path[1] = 'C:/Program Files (x86)/Microsoft Visual Studio/2020.3.19f1/Editor/2020.3.17f1/Editor/Data/MonoBleedingEdge/lib/mono/unityjit'
Mono config path = 'C:/Program Files (x86)/Microsoft Visual Studio/2020.3.19f1/Editor/2020.3.17f1/Editor/Data/MonoBleedingEdge/etc'
Using monoOptions --debugger-agent=transport=dt_socket,embedding=1,server=y,suspend=n,address=127.0.0.1:56156
Begin MonoManager ReloadAssembly
Registering precompiled unity dll's ...
Register platform support module: C:/Program Files (x86)/Microsoft Visual Studio/2020.3.19f1/Editor/2020.3.17f1/Editor/Data/PlaybackEngines/WindowsStandaloneSupport/UnityEditor.WindowsStandalone.Extensions.dll
Registered in 0.003291 seconds.
Native extension for WindowsStandalone target not found
Refreshing native plugins compatible for Editor in 62.41 ms, found 2 plugins.
Preloading 0 native plugins for Editor in 0.00 ms.
Mono: successfully reloaded assembly
- Completed reload, in  3.350 seconds
Domain Reload Profiling:
	ReloadAssembly (3351ms)
		BeginReloadAssembly (43ms)
			ExecutionOrderSort (0ms)
			DisableScriptedObjects (0ms)
			BackupInstance (0ms)
			ReleaseScriptingObjects (0ms)
			CreateAndSetChildDomain (1ms)
		EndReloadAssembly (562ms)
			LoadAssemblies (41ms)
			RebuildTransferFunctionScriptingTraits (0ms)
			SetupTypeCache (248ms)
			ReleaseScriptCaches (0ms)
			RebuildScriptCaches (31ms)
			SetupLoadedEditorAssemblies (211ms)
				LogAssemblyErrors (0ms)
				InitializePlatformSupportModulesInManaged (7ms)
				SetLoadedEditorAssemblies (0ms)
				RefreshPlugins (62ms)
				BeforeProcessingInitializeOnLoad (19ms)
				ProcessInitializeOnLoadAttributes (78ms)
				ProcessInitializeOnLoadMethodAttributes (45ms)
				AfterProcessingInitializeOnLoad (0ms)
				EditorAssembliesLoaded (0ms)
			ExecutionOrderSort2 (0ms)
			AwakeInstancesAfterBackupRestoration (0ms)
Platform modules already initialized, skipping
Registering precompiled user dll's ...
Registered in 0.002597 seconds.
Begin MonoManager ReloadAssembly
Native extension for WindowsStandalone target not found
Refreshing native plugins compatible for Editor in 0.39 ms, found 2 plugins.
Preloading 0 native plugins for Editor in 0.00 ms.
Mono: successfully reloaded assembly
- Completed reload, in  1.161 seconds
Domain Reload Profiling:
	ReloadAssembly (1161ms)
		BeginReloadAssembly (148ms)
			ExecutionOrderSort (0ms)
			DisableScriptedObjects (4ms)
			BackupInstance (0ms)
			ReleaseScriptingObjects (0ms)
			CreateAndSetChildDomain (16ms)
		EndReloadAssembly (966ms)
			LoadAssemblies (101ms)
			RebuildTransferFunctionScriptingTraits (0ms)
			SetupTypeCache (240ms)
			ReleaseScriptCaches (0ms)
			RebuildScriptCaches (51ms)
			SetupLoadedEditorAssemblies (484ms)
				LogAssemblyErrors (0ms)
				InitializePlatformSupportModulesInManaged (4ms)
				SetLoadedEditorAssemblies (0ms)
				RefreshPlugins (0ms)
				BeforeProcessingInitializeOnLoad (114ms)
				ProcessInitializeOnLoadAttributes (356ms)
				ProcessInitializeOnLoadMethodAttributes (4ms)
				AfterProcessingInitializeOnLoad (5ms)
				EditorAssembliesLoaded (0ms)
			ExecutionOrderSort2 (0ms)
			AwakeInstancesAfterBackupRestoration (12ms)
Platform modules already initialized, skipping
========================================================================
Worker process is ready to serve import requests
Launched and connected shader compiler UnityShaderCompiler.exe after 0.09 seconds
Refreshing native plugins compatible for Editor in 0.43 ms, found 2 plugins.
Preloading 0 native plugins for Editor in 0.00 ms.
Unloading 2042 Unused Serialized files (Serialized files now loaded: 0)
System memory in use before: 162.9 MB.
System memory in use after: 162.9 MB.

Unloading 20 unused Assets to reduce memory usage. Loaded Objects now: 2479.
Total: 2.577600 ms (FindLiveObjects: 0.150100 ms CreateObjectMapping: 0.042600 ms MarkObjects: 2.287000 ms  DeleteObjects: 0.096900 ms)

AssetImportParameters requested are different than current active one (requested -> active):
  custom:framework-win-MediaFoundation: 216162199b28c13a410421893ffa2e32 -> 
  custom:video-decoder-ogg-theora: a1e56fd34408186e4bbccfd4996cb3dc -> 
  custom:container-muxer-webm: aa71ff27fc2769a1b78a27578f13a17b -> 
  custom:container-demuxer-webm: 4f35f7cbe854078d1ac9338744f61a02 -> 
  custom:container-demuxer-ogg: 62fdf1f143b41e24485cea50d1cbac27 -> 
  custom:video-encoder-webm-vp8: eb34c28f22e8b96e1ab97ce403110664 -> 
  custom:video-decoder-webm-vp8: 9c59270c3fd7afecdb556c50c9e8de78 -> 
  custom:audio-decoder-ogg-vorbis: bf7c407c2cedff20999df2af8eb42d56 -> 
  custom:audio-encoder-webm-vorbis: bf7c407c2cedff20999df2af8eb42d56 -> 
========================================================================
Received Import Request.
  path: Assets/FPS/Scenes/MainScene 2.unity
  artifactKey: Guid(270054ef5b516fb40b89df5c378e2bee) Importer(815301076,1909f56bfc062723c751e8b465ee728b)
Start importing Assets/FPS/Scenes/MainScene 2.unity using Guid(270054ef5b516fb40b89df5c378e2bee) Importer(815301076,1909f56bfc062723c751e8b465ee728b)  -> (artifact id: '7b38cd4692527394ee4de9e96184652b') in 0.019529 seconds 
  Import took 0.025305 seconds .

========================================================================
Received Prepare
Registering precompiled user dll's ...
Registered in 0.004290 seconds.
Begin MonoManager ReloadAssembly
Native extension for WindowsStandalone target not found
Refreshing native plugins compatible for Editor in 0.48 ms, found 2 plugins.
Preloading 0 native plugins for Editor in 0.00 ms.
Mono: successfully reloaded assembly
- Completed reload, in  1.055 seconds
Domain Reload Profiling:
	ReloadAssembly (1056ms)
		BeginReloadAssembly (97ms)
			ExecutionOrderSort (0ms)
			DisableScriptedObjects (3ms)
			BackupInstance (0ms)
			ReleaseScriptingObjects (0ms)
			CreateAndSetChildDomain (30ms)
		EndReloadAssembly (910ms)
			LoadAssemblies (68ms)
			RebuildTransferFunctionScriptingTraits (0ms)
			SetupTypeCache (233ms)
			ReleaseScriptCaches (1ms)
			RebuildScriptCaches (48ms)
			SetupLoadedEditorAssemblies (424ms)
				LogAssemblyErrors (0ms)
				InitializePlatformSupportModulesInManaged (7ms)
				SetLoadedEditorAssemblies (0ms)
				RefreshPlugins (1ms)
				BeforeProcessingInitializeOnLoad (79ms)
				ProcessInitializeOnLoadAttributes (329ms)
				ProcessInitializeOnLoadMethodAttributes (3ms)
				AfterProcessingInitializeOnLoad (4ms)
				EditorAssembliesLoaded (0ms)
			ExecutionOrderSort2 (0ms)
			AwakeInstancesAfterBackupRestoration (6ms)
Platform modules already initialized, skipping
Refreshing native plugins compatible for Editor in 0.46 ms, found 2 plugins.
Preloading 0 native plugins for Editor in 0.00 ms.
Unloading 2002 Unused Serialized files (Serialized files now loaded: 0)
System memory in use before: 159.4 MB.
System memory in use after: 159.5 MB.

Unloading 15 unused Assets to reduce memory usage. Loaded Objects now: 2481.
Total: 3.788700 ms (FindLiveObjects: 0.156900 ms CreateObjectMapping: 0.050300 ms MarkObjects: 3.496500 ms  DeleteObjects: 0.083600 ms)

AssetImportParameters requested are different than current active one (requested -> active):
  custom:framework-win-MediaFoundation: 216162199b28c13a410421893ffa2e32 -> 
  custom:video-decoder-ogg-theora: a1e56fd34408186e4bbccfd4996cb3dc -> 
  custom:container-muxer-webm: aa71ff27fc2769a1b78a27578f13a17b -> 
  custom:container-demuxer-webm: 4f35f7cbe854078d1ac9338744f61a02 -> 
  custom:container-demuxer-ogg: 62fdf1f143b41e24485cea50d1cbac27 -> 
  custom:video-encoder-webm-vp8: eb34c28f22e8b96e1ab97ce403110664 -> 
  custom:video-decoder-webm-vp8: 9c59270c3fd7afecdb556c50c9e8de78 -> 
  custom:audio-decoder-ogg-vorbis: bf7c407c2cedff20999df2af8eb42d56 -> 
  custom:audio-encoder-webm-vorbis: bf7c407c2cedff20999df2af8eb42d56 -> 
========================================================================
Received Prepare
Registering precompiled user dll's ...
Registered in 0.002809 seconds.
Begin MonoManager ReloadAssembly
Native extension for WindowsStandalone target not found
Refreshing native plugins compatible for Editor in 0.62 ms, found 2 plugins.
Preloading 0 native plugins for Editor in 0.00 ms.
Mono: successfully reloaded assembly
- Completed reload, in  1.126 seconds
Domain Reload Profiling:
	ReloadAssembly (1127ms)
		BeginReloadAssembly (125ms)
			ExecutionOrderSort (0ms)
			DisableScriptedObjects (5ms)
			BackupInstance (0ms)
			ReleaseScriptingObjects (0ms)
			CreateAndSetChildDomain (33ms)
		EndReloadAssembly (942ms)
			LoadAssemblies (86ms)
			RebuildTransferFunctionScriptingTraits (0ms)
			SetupTypeCache (267ms)
			ReleaseScriptCaches (1ms)
			RebuildScriptCaches (50ms)
			SetupLoadedEditorAssemblies (437ms)
				LogAssemblyErrors (0ms)
				InitializePlatformSupportModulesInManaged (6ms)
				SetLoadedEditorAssemblies (1ms)
				RefreshPlugins (1ms)
				BeforeProcessingInitializeOnLoad (92ms)
				ProcessInitializeOnLoadAttributes (326ms)
				ProcessInitializeOnLoadMethodAttributes (6ms)
				AfterProcessingInitializeOnLoad (5ms)
				EditorAssembliesLoaded (0ms)
			ExecutionOrderSort2 (0ms)
			AwakeInstancesAfterBackupRestoration (6ms)
Platform modules already initialized, skipping
Refreshing native plugins compatible for Editor in 0.49 ms, found 2 plugins.
Preloading 0 native plugins for Editor in 0.00 ms.
Unloading 2002 Unused Serialized files (Serialized files now loaded: 0)
System memory in use before: 159.5 MB.
System memory in use after: 159.5 MB.

Unloading 15 unused Assets to reduce memory usage. Loaded Objects now: 2483.
Total: 3.008300 ms (FindLiveObjects: 0.198300 ms CreateObjectMapping: 0.044200 ms MarkObjects: 2.681300 ms  DeleteObjects: 0.082700 ms)

AssetImportParameters requested are different than current active one (requested -> active):
  custom:framework-win-MediaFoundation: 216162199b28c13a410421893ffa2e32 -> 
  custom:video-decoder-ogg-theora: a1e56fd34408186e4bbccfd4996cb3dc -> 
  custom:container-muxer-webm: aa71ff27fc2769a1b78a27578f13a17b -> 
  custom:container-demuxer-webm: 4f35f7cbe854078d1ac9338744f61a02 -> 
  custom:container-demuxer-ogg: 62fdf1f143b41e24485cea50d1cbac27 -> 
  custom:video-encoder-webm-vp8: eb34c28f22e8b96e1ab97ce403110664 -> 
  custom:video-decoder-webm-vp8: 9c59270c3fd7afecdb556c50c9e8de78 -> 
  custom:audio-decoder-ogg-vorbis: bf7c407c2cedff20999df2af8eb42d56 -> 
  custom:audio-encoder-webm-vorbis: bf7c407c2cedff20999df2af8eb42d56 -> 
========================================================================
Received Prepare
Registering precompiled user dll's ...
Registered in 0.004145 seconds.
Begin MonoManager ReloadAssembly
Native extension for WindowsStandalone target not found
Refreshing native plugins compatible for Editor in 0.51 ms, found 2 plugins.
Preloading 0 native plugins for Editor in 0.00 ms.
Mono: successfully reloaded assembly
- Completed reload, in  1.089 seconds
Domain Reload Profiling:
	ReloadAssembly (1090ms)
		BeginReloadAssembly (112ms)
			ExecutionOrderSort (0ms)
			DisableScriptedObjects (5ms)
			BackupInstance (0ms)
			ReleaseScriptingObjects (0ms)
			CreateAndSetChildDomain (34ms)
		EndReloadAssembly (914ms)
			LoadAssemblies (87ms)
			RebuildTransferFunctionScriptingTraits (0ms)
			SetupTypeCache (265ms)
			ReleaseScriptCaches (1ms)
			RebuildScriptCaches (49ms)
			SetupLoadedEditorAssemblies (418ms)
				LogAssemblyErrors (0ms)
				InitializePlatformSupportModulesInManaged (5ms)
				SetLoadedEditorAssemblies (0ms)
				RefreshPlugins (1ms)
				BeforeProcessingInitializeOnLoad (88ms)
				ProcessInitializeOnLoadAttributes (314ms)
				ProcessInitializeOnLoadMethodAttributes (4ms)
				AfterProcessingInitializeOnLoad (6ms)
				EditorAssembliesLoaded (0ms)
			ExecutionOrderSort2 (0ms)
			AwakeInstancesAfterBackupRestoration (6ms)
Platform modules already initialized, skipping
Refreshing native plugins compatible for Editor in 0.45 ms, found 2 plugins.
Preloading 0 native plugins for Editor in 0.00 ms.
Unloading 2002 Unused Serialized files (Serialized files now loaded: 0)
System memory in use before: 159.5 MB.
System memory in use after: 159.6 MB.

Unloading 15 unused Assets to reduce memory usage. Loaded Objects now: 2485.
Total: 3.922900 ms (FindLiveObjects: 0.224300 ms CreateObjectMapping: 0.051300 ms MarkObjects: 3.546700 ms  DeleteObjects: 0.099000 ms)

AssetImportParameters requested are different than current active one (requested -> active):
  custom:framework-win-MediaFoundation: 216162199b28c13a410421893ffa2e32 -> 
  custom:video-decoder-ogg-theora: a1e56fd34408186e4bbccfd4996cb3dc -> 
  custom:container-muxer-webm: aa71ff27fc2769a1b78a27578f13a17b -> 
  custom:container-demuxer-webm: 4f35f7cbe854078d1ac9338744f61a02 -> 
  custom:container-demuxer-ogg: 62fdf1f143b41e24485cea50d1cbac27 -> 
  custom:video-encoder-webm-vp8: eb34c28f22e8b96e1ab97ce403110664 -> 
  custom:video-decoder-webm-vp8: 9c59270c3fd7afecdb556c50c9e8de78 -> 
  custom:audio-decoder-ogg-vorbis: bf7c407c2cedff20999df2af8eb42d56 -> 
  custom:audio-encoder-webm-vorbis: bf7c407c2cedff20999df2af8eb42d56 -> 
========================================================================
Received Prepare
Registering precompiled user dll's ...
Registered in 0.003865 seconds.
Begin MonoManager ReloadAssembly
Native extension for WindowsStandalone target not found
Refreshing native plugins compatible for Editor in 0.46 ms, found 2 plugins.
Preloading 0 native plugins for Editor in 0.00 ms.
Mono: successfully reloaded assembly
- Completed reload, in  1.095 seconds
Domain Reload Profiling:
	ReloadAssembly (1096ms)
		BeginReloadAssembly (111ms)
			ExecutionOrderSort (0ms)
			DisableScriptedObjects (7ms)
			BackupInstance (0ms)
			ReleaseScriptingObjects (0ms)
			CreateAndSetChildDomain (32ms)
		EndReloadAssembly (922ms)
			LoadAssemblies (84ms)
			RebuildTransferFunctionScriptingTraits (0ms)
			SetupTypeCache (264ms)
			ReleaseScriptCaches (1ms)
			RebuildScriptCaches (48ms)
			SetupLoadedEditorAssemblies (416ms)
				LogAssemblyErrors (0ms)
				InitializePlatformSupportModulesInManaged (6ms)
				SetLoadedEditorAssemblies (0ms)
				RefreshPlugins (1ms)
				BeforeProcessingInitializeOnLoad (96ms)
				ProcessInitializeOnLoadAttributes (303ms)
				ProcessInitializeOnLoadMethodAttributes (4ms)
				AfterProcessingInitializeOnLoad (5ms)
				EditorAssembliesLoaded (0ms)
			ExecutionOrderSort2 (0ms)
			AwakeInstancesAfterBackupRestoration (8ms)
Platform modules already initialized, skipping
Refreshing native plugins compatible for Editor in 0.46 ms, found 2 plugins.
Preloading 0 native plugins for Editor in 0.00 ms.
Unloading 2002 Unused Serialized files (Serialized files now loaded: 0)
System memory in use before: 159.5 MB.
System memory in use after: 159.6 MB.

Unloading 15 unused Assets to reduce memory usage. Loaded Objects now: 2487.
Total: 3.079500 ms (FindLiveObjects: 0.185600 ms CreateObjectMapping: 0.055500 ms MarkObjects: 2.736600 ms  DeleteObjects: 0.100200 ms)

AssetImportParameters requested are different than current active one (requested -> active):
  custom:framework-win-MediaFoundation: 216162199b28c13a410421893ffa2e32 -> 
  custom:video-decoder-ogg-theora: a1e56fd34408186e4bbccfd4996cb3dc -> 
  custom:container-muxer-webm: aa71ff27fc2769a1b78a27578f13a17b -> 
  custom:container-demuxer-webm: 4f35f7cbe854078d1ac9338744f61a02 -> 
  custom:container-demuxer-ogg: 62fdf1f143b41e24485cea50d1cbac27 -> 
  custom:video-encoder-webm-vp8: eb34c28f22e8b96e1ab97ce403110664 -> 
  custom:video-decoder-webm-vp8: 9c59270c3fd7afecdb556c50c9e8de78 -> 
  custom:audio-decoder-ogg-vorbis: bf7c407c2cedff20999df2af8eb42d56 -> 
  custom:audio-encoder-webm-vorbis: bf7c407c2cedff20999df2af8eb42d56 -> 
========================================================================
Received Prepare
Registering precompiled user dll's ...
Registered in 0.002408 seconds.
Begin MonoManager ReloadAssembly
Native extension for WindowsStandalone target not found
Refreshing native plugins compatible for Editor in 0.47 ms, found 2 plugins.
Preloading 0 native plugins for Editor in 0.00 ms.
Mono: successfully reloaded assembly
- Completed reload, in  1.214 seconds
Domain Reload Profiling:
	ReloadAssembly (1215ms)
		BeginReloadAssembly (138ms)
			ExecutionOrderSort (0ms)
			DisableScriptedObjects (6ms)
			BackupInstance (0ms)
			ReleaseScriptingObjects (0ms)
			CreateAndSetChildDomain (45ms)
		EndReloadAssembly (1018ms)
			LoadAssemblies (108ms)
			RebuildTransferFunctionScriptingTraits (0ms)
			SetupTypeCache (304ms)
			ReleaseScriptCaches (1ms)
			RebuildScriptCaches (55ms)
			SetupLoadedEditorAssemblies (452ms)
				LogAssemblyErrors (0ms)
				InitializePlatformSupportModulesInManaged (5ms)
				SetLoadedEditorAssemblies (0ms)
				RefreshPlugins (1ms)
				BeforeProcessingInitializeOnLoad (80ms)
				ProcessInitializeOnLoadAttributes (356ms)
				ProcessInitializeOnLoadMethodAttributes (4ms)
				AfterProcessingInitializeOnLoad (6ms)
				EditorAssembliesLoaded (0ms)
			ExecutionOrderSort2 (0ms)
			AwakeInstancesAfterBackupRestoration (6ms)
Platform modules already initialized, skipping
Refreshing native plugins compatible for Editor in 0.41 ms, found 2 plugins.
Preloading 0 native plugins for Editor in 0.00 ms.
Unloading 2002 Unused Serialized files (Serialized files now loaded: 0)
System memory in use before: 159.4 MB.
System memory in use after: 159.5 MB.

Unloading 15 unused Assets to reduce memory usage. Loaded Objects now: 2489.
Total: 2.495400 ms (FindLiveObjects: 0.132700 ms CreateObjectMapping: 0.042100 ms MarkObjects: 2.240200 ms  DeleteObjects: 0.079400 ms)

AssetImportParameters requested are different than current active one (requested -> active):
  custom:framework-win-MediaFoundation: 216162199b28c13a410421893ffa2e32 -> 
  custom:video-decoder-ogg-theora: a1e56fd34408186e4bbccfd4996cb3dc -> 
  custom:container-muxer-webm: aa71ff27fc2769a1b78a27578f13a17b -> 
  custom:container-demuxer-webm: 4f35f7cbe854078d1ac9338744f61a02 -> 
  custom:container-demuxer-ogg: 62fdf1f143b41e24485cea50d1cbac27 -> 
  custom:video-encoder-webm-vp8: eb34c28f22e8b96e1ab97ce403110664 -> 
  custom:video-decoder-webm-vp8: 9c59270c3fd7afecdb556c50c9e8de78 -> 
  custom:audio-decoder-ogg-vorbis: bf7c407c2cedff20999df2af8eb42d56 -> 
  custom:audio-encoder-webm-vorbis: bf7c407c2cedff20999df2af8eb42d56 -> 
========================================================================
Received Prepare
Registering precompiled user dll's ...
Registered in 0.003961 seconds.
Begin MonoManager ReloadAssembly
Native extension for WindowsStandalone target not found
Refreshing native plugins compatible for Editor in 0.60 ms, found 2 plugins.
Preloading 0 native plugins for Editor in 0.00 ms.
Mono: successfully reloaded assembly
- Completed reload, in  1.182 seconds
Domain Reload Profiling:
	ReloadAssembly (1183ms)
		BeginReloadAssembly (116ms)
			ExecutionOrderSort (0ms)
			DisableScriptedObjects (5ms)
			BackupInstance (0ms)
			ReleaseScriptingObjects (0ms)
			CreateAndSetChildDomain (35ms)
		EndReloadAssembly (993ms)
			LoadAssemblies (88ms)
			RebuildTransferFunctionScriptingTraits (0ms)
			SetupTypeCache (287ms)
			ReleaseScriptCaches (2ms)
			RebuildScriptCaches (50ms)
			SetupLoadedEditorAssemblies (455ms)
				LogAssemblyErrors (0ms)
				InitializePlatformSupportModulesInManaged (7ms)
				SetLoadedEditorAssemblies (1ms)
				RefreshPlugins (1ms)
				BeforeProcessingInitializeOnLoad (108ms)
				ProcessInitializeOnLoadAttributes (328ms)
				ProcessInitializeOnLoadMethodAttributes (5ms)
				AfterProcessingInitializeOnLoad (5ms)
				EditorAssembliesLoaded (0ms)
			ExecutionOrderSort2 (0ms)
			AwakeInstancesAfterBackupRestoration (7ms)
Platform modules already initialized, skipping
Refreshing native plugins compatible for Editor in 0.49 ms, found 2 plugins.
Preloading 0 native plugins for Editor in 0.00 ms.
Unloading 2002 Unused Serialized files (Serialized files now loaded: 0)
System memory in use before: 159.5 MB.
System memory in use after: 159.6 MB.

Unloading 15 unused Assets to reduce memory usage. Loaded Objects now: 2491.
Total: 3.333000 ms (FindLiveObjects: 0.331700 ms CreateObjectMapping: 0.079000 ms MarkObjects: 2.824300 ms  DeleteObjects: 0.096000 ms)

AssetImportParameters requested are different than current active one (requested -> active):
  custom:framework-win-MediaFoundation: 216162199b28c13a410421893ffa2e32 -> 
  custom:video-decoder-ogg-theora: a1e56fd34408186e4bbccfd4996cb3dc -> 
  custom:container-muxer-webm: aa71ff27fc2769a1b78a27578f13a17b -> 
  custom:container-demuxer-webm: 4f35f7cbe854078d1ac9338744f61a02 -> 
  custom:container-demuxer-ogg: 62fdf1f143b41e24485cea50d1cbac27 -> 
  custom:video-encoder-webm-vp8: eb34c28f22e8b96e1ab97ce403110664 -> 
  custom:video-decoder-webm-vp8: 9c59270c3fd7afecdb556c50c9e8de78 -> 
  custom:audio-decoder-ogg-vorbis: bf7c407c2cedff20999df2af8eb42d56 -> 
  custom:audio-encoder-webm-vorbis: bf7c407c2cedff20999df2af8eb42d56 -> 
========================================================================
Received Prepare
Registering precompiled user dll's ...
Registered in 0.002837 seconds.
Begin MonoManager ReloadAssembly
Native extension for WindowsStandalone target not found
Refreshing native plugins compatible for Editor in 0.40 ms, found 2 plugins.
Preloading 0 native plugins for Editor in 0.00 ms.
Mono: successfully reloaded assembly
- Completed reload, in  1.106 seconds
Domain Reload Profiling:
	ReloadAssembly (1107ms)
		BeginReloadAssembly (125ms)
			ExecutionOrderSort (0ms)
			DisableScriptedObjects (6ms)
			BackupInstance (0ms)
			ReleaseScriptingObjects (0ms)
			CreateAndSetChildDomain (32ms)
		EndReloadAssembly (910ms)
			LoadAssemblies (93ms)
			RebuildTransferFunctionScriptingTraits (0ms)
			SetupTypeCache (253ms)
			ReleaseScriptCaches (1ms)
			RebuildScriptCaches (55ms)
			SetupLoadedEditorAssemblies (426ms)
				LogAssemblyErrors (0ms)
				InitializePlatformSupportModulesInManaged (5ms)
				SetLoadedEditorAssemblies (0ms)
				RefreshPlugins (0ms)
				BeforeProcessingInitializeOnLoad (109ms)
				ProcessInitializeOnLoadAttributes (300ms)
				ProcessInitializeOnLoadMethodAttributes (3ms)
				AfterProcessingInitializeOnLoad (8ms)
				EditorAssembliesLoaded (1ms)
			ExecutionOrderSort2 (0ms)
			AwakeInstancesAfterBackupRestoration (6ms)
Platform modules already initialized, skipping
Refreshing native plugins compatible for Editor in 0.46 ms, found 2 plugins.
Preloading 0 native plugins for Editor in 0.00 ms.
Unloading 2002 Unused Serialized files (Serialized files now loaded: 0)
System memory in use before: 159.5 MB.
System memory in use after: 159.6 MB.

Unloading 15 unused Assets to reduce memory usage. Loaded Objects now: 2493.
Total: 4.002200 ms (FindLiveObjects: 0.228700 ms CreateObjectMapping: 0.080500 ms MarkObjects: 3.580300 ms  DeleteObjects: 0.111500 ms)

AssetImportParameters requested are different than current active one (requested -> active):
  custom:framework-win-MediaFoundation: 216162199b28c13a410421893ffa2e32 -> 
  custom:video-decoder-ogg-theora: a1e56fd34408186e4bbccfd4996cb3dc -> 
  custom:container-muxer-webm: aa71ff27fc2769a1b78a27578f13a17b -> 
  custom:container-demuxer-webm: 4f35f7cbe854078d1ac9338744f61a02 -> 
  custom:container-demuxer-ogg: 62fdf1f143b41e24485cea50d1cbac27 -> 
  custom:video-encoder-webm-vp8: eb34c28f22e8b96e1ab97ce403110664 -> 
  custom:video-decoder-webm-vp8: 9c59270c3fd7afecdb556c50c9e8de78 -> 
  custom:audio-decoder-ogg-vorbis: bf7c407c2cedff20999df2af8eb42d56 -> 
  custom:audio-encoder-webm-vorbis: bf7c407c2cedff20999df2af8eb42d56 -> 
========================================================================
Received Prepare
Registering precompiled user dll's ...
Registered in 0.002642 seconds.
Begin MonoManager ReloadAssembly
Native extension for WindowsStandalone target not found
Refreshing native plugins compatible for Editor in 0.40 ms, found 2 plugins.
Preloading 0 native plugins for Editor in 0.00 ms.
Mono: successfully reloaded assembly
- Completed reload, in  1.017 seconds
Domain Reload Profiling:
	ReloadAssembly (1018ms)
		BeginReloadAssembly (117ms)
			ExecutionOrderSort (0ms)
			DisableScriptedObjects (5ms)
			BackupInstance (0ms)
			ReleaseScriptingObjects (0ms)
			CreateAndSetChildDomain (34ms)
		EndReloadAssembly (841ms)
			LoadAssemblies (79ms)
			RebuildTransferFunctionScriptingTraits (0ms)
			SetupTypeCache (267ms)
			ReleaseScriptCaches (1ms)
			RebuildScriptCaches (41ms)
			SetupLoadedEditorAssemblies (384ms)
				LogAssemblyErrors (0ms)
				InitializePlatformSupportModulesInManaged (4ms)
				SetLoadedEditorAssemblies (0ms)
				RefreshPlugins (0ms)
				BeforeProcessingInitializeOnLoad (92ms)
				ProcessInitializeOnLoadAttributes (275ms)
				ProcessInitializeOnLoadMethodAttributes (5ms)
				AfterProcessingInitializeOnLoad (6ms)
				EditorAssembliesLoaded (0ms)
			ExecutionOrderSort2 (0ms)
			AwakeInstancesAfterBackupRestoration (6ms)
Platform modules already initialized, skipping
Refreshing native plugins compatible for Editor in 0.41 ms, found 2 plugins.
Preloading 0 native plugins for Editor in 0.00 ms.
Unloading 2002 Unused Serialized files (Serialized files now loaded: 0)
System memory in use before: 159.5 MB.
System memory in use after: 159.6 MB.

Unloading 15 unused Assets to reduce memory usage. Loaded Objects now: 2495.
Total: 2.872300 ms (FindLiveObjects: 0.140200 ms CreateObjectMapping: 0.045200 ms MarkObjects: 2.616400 ms  DeleteObjects: 0.069200 ms)

AssetImportParameters requested are different than current active one (requested -> active):
  custom:framework-win-MediaFoundation: 216162199b28c13a410421893ffa2e32 -> 
  custom:video-decoder-ogg-theora: a1e56fd34408186e4bbccfd4996cb3dc -> 
  custom:container-muxer-webm: aa71ff27fc2769a1b78a27578f13a17b -> 
  custom:container-demuxer-webm: 4f35f7cbe854078d1ac9338744f61a02 -> 
  custom:container-demuxer-ogg: 62fdf1f143b41e24485cea50d1cbac27 -> 
  custom:video-encoder-webm-vp8: eb34c28f22e8b96e1ab97ce403110664 -> 
  custom:video-decoder-webm-vp8: 9c59270c3fd7afecdb556c50c9e8de78 -> 
  custom:audio-decoder-ogg-vorbis: bf7c407c2cedff20999df2af8eb42d56 -> 
  custom:audio-encoder-webm-vorbis: bf7c407c2cedff20999df2af8eb42d56 -> 
========================================================================
Received Prepare
Registering precompiled user dll's ...
Registered in 0.004675 seconds.
Begin MonoManager ReloadAssembly
Native extension for WindowsStandalone target not found
Refreshing native plugins compatible for Editor in 0.75 ms, found 2 plugins.
Preloading 0 native plugins for Editor in 0.00 ms.
Mono: successfully reloaded assembly
- Completed reload, in  1.276 seconds
Domain Reload Profiling:
	ReloadAssembly (1276ms)
		BeginReloadAssembly (128ms)
			ExecutionOrderSort (0ms)
			DisableScriptedObjects (4ms)
			BackupInstance (0ms)
			ReleaseScriptingObjects (0ms)
			CreateAndSetChildDomain (40ms)
		EndReloadAssembly (1080ms)
			LoadAssemblies (84ms)
			RebuildTransferFunctionScriptingTraits (0ms)
			SetupTypeCache (279ms)
			ReleaseScriptCaches (1ms)
			RebuildScriptCaches (66ms)
			SetupLoadedEditorAssemblies (505ms)
				LogAssemblyErrors (0ms)
				InitializePlatformSupportModulesInManaged (8ms)
				SetLoadedEditorAssemblies (1ms)
				RefreshPlugins (1ms)
				BeforeProcessingInitializeOnLoad (110ms)
				ProcessInitializeOnLoadAttributes (374ms)
				ProcessInitializeOnLoadMethodAttributes (4ms)
				AfterProcessingInitializeOnLoad (7ms)
				EditorAssembliesLoaded (1ms)
			ExecutionOrderSort2 (0ms)
			AwakeInstancesAfterBackupRestoration (9ms)
Platform modules already initialized, skipping
Refreshing native plugins compatible for Editor in 0.50 ms, found 2 plugins.
Preloading 0 native plugins for Editor in 0.00 ms.
Unloading 2002 Unused Serialized files (Serialized files now loaded: 0)
System memory in use before: 159.5 MB.
System memory in use after: 159.6 MB.

Unloading 15 unused Assets to reduce memory usage. Loaded Objects now: 2497.
Total: 2.929300 ms (FindLiveObjects: 0.173100 ms CreateObjectMapping: 0.045000 ms MarkObjects: 2.621000 ms  DeleteObjects: 0.088400 ms)

AssetImportParameters requested are different than current active one (requested -> active):
  custom:framework-win-MediaFoundation: 216162199b28c13a410421893ffa2e32 -> 
  custom:video-decoder-ogg-theora: a1e56fd34408186e4bbccfd4996cb3dc -> 
  custom:container-muxer-webm: aa71ff27fc2769a1b78a27578f13a17b -> 
  custom:container-demuxer-webm: 4f35f7cbe854078d1ac9338744f61a02 -> 
  custom:container-demuxer-ogg: 62fdf1f143b41e24485cea50d1cbac27 -> 
  custom:video-encoder-webm-vp8: eb34c28f22e8b96e1ab97ce403110664 -> 
  custom:video-decoder-webm-vp8: 9c59270c3fd7afecdb556c50c9e8de78 -> 
  custom:audio-decoder-ogg-vorbis: bf7c407c2cedff20999df2af8eb42d56 -> 
  custom:audio-encoder-webm-vorbis: bf7c407c2cedff20999df2af8eb42d56 -> 
========================================================================
Received Prepare
Registering precompiled user dll's ...
Registered in 0.002634 seconds.
Begin MonoManager ReloadAssembly
Native extension for WindowsStandalone target not found
Refreshing native plugins compatible for Editor in 0.43 ms, found 2 plugins.
Preloading 0 native plugins for Editor in 0.00 ms.
Mono: successfully reloaded assembly
- Completed reload, in  1.053 seconds
Domain Reload Profiling:
	ReloadAssembly (1054ms)
		BeginReloadAssembly (114ms)
			ExecutionOrderSort (0ms)
			DisableScriptedObjects (3ms)
			BackupInstance (0ms)
			ReleaseScriptingObjects (0ms)
			CreateAndSetChildDomain (30ms)
		EndReloadAssembly (883ms)
			LoadAssemblies (71ms)
			RebuildTransferFunctionScriptingTraits (0ms)
			SetupTypeCache (274ms)
			ReleaseScriptCaches (2ms)
			RebuildScriptCaches (51ms)
			SetupLoadedEditorAssemblies (384ms)
				LogAssemblyErrors (0ms)
				InitializePlatformSupportModulesInManaged (6ms)
				SetLoadedEditorAssemblies (0ms)
				RefreshPlugins (0ms)
				BeforeProcessingInitializeOnLoad (76ms)
				ProcessInitializeOnLoadAttributes (291ms)
				ProcessInitializeOnLoadMethodAttributes (6ms)
				AfterProcessingInitializeOnLoad (5ms)
				EditorAssembliesLoaded (0ms)
			ExecutionOrderSort2 (0ms)
			AwakeInstancesAfterBackupRestoration (10ms)
Platform modules already initialized, skipping
Refreshing native plugins compatible for Editor in 0.45 ms, found 2 plugins.
Preloading 0 native plugins for Editor in 0.00 ms.
Unloading 2002 Unused Serialized files (Serialized files now loaded: 0)
System memory in use before: 159.4 MB.
System memory in use after: 159.5 MB.

Unloading 15 unused Assets to reduce memory usage. Loaded Objects now: 2499.
Total: 2.408700 ms (FindLiveObjects: 0.143400 ms CreateObjectMapping: 0.039800 ms MarkObjects: 2.151900 ms  DeleteObjects: 0.072500 ms)

AssetImportParameters requested are different than current active one (requested -> active):
  custom:framework-win-MediaFoundation: 216162199b28c13a410421893ffa2e32 -> 
  custom:video-decoder-ogg-theora: a1e56fd34408186e4bbccfd4996cb3dc -> 
  custom:container-muxer-webm: aa71ff27fc2769a1b78a27578f13a17b -> 
  custom:container-demuxer-webm: 4f35f7cbe854078d1ac9338744f61a02 -> 
  custom:container-demuxer-ogg: 62fdf1f143b41e24485cea50d1cbac27 -> 
  custom:video-encoder-webm-vp8: eb34c28f22e8b96e1ab97ce403110664 -> 
  custom:video-decoder-webm-vp8: 9c59270c3fd7afecdb556c50c9e8de78 -> 
  custom:audio-decoder-ogg-vorbis: bf7c407c2cedff20999df2af8eb42d56 -> 
  custom:audio-encoder-webm-vorbis: bf7c407c2cedff20999df2af8eb42d56 -> 
========================================================================
Received Prepare
Registering precompiled user dll's ...
Registered in 0.002465 seconds.
Begin MonoManager ReloadAssembly
Native extension for WindowsStandalone target not found
Refreshing native plugins compatible for Editor in 0.65 ms, found 2 plugins.
Preloading 0 native plugins for Editor in 0.00 ms.
Mono: successfully reloaded assembly
- Completed reload, in  1.100 seconds
Domain Reload Profiling:
	ReloadAssembly (1101ms)
		BeginReloadAssembly (112ms)
			ExecutionOrderSort (0ms)
			DisableScriptedObjects (4ms)
			BackupInstance (0ms)
			ReleaseScriptingObjects (0ms)
			CreateAndSetChildDomain (34ms)
		EndReloadAssembly (934ms)
			LoadAssemblies (110ms)
			RebuildTransferFunctionScriptingTraits (0ms)
			SetupTypeCache (314ms)
			ReleaseScriptCaches (1ms)
			RebuildScriptCaches (48ms)
			SetupLoadedEditorAssemblies (371ms)
				LogAssemblyErrors (0ms)
				InitializePlatformSupportModulesInManaged (5ms)
				SetLoadedEditorAssemblies (1ms)
				RefreshPlugins (1ms)
				BeforeProcessingInitializeOnLoad (79ms)
				ProcessInitializeOnLoadAttributes (275ms)
				ProcessInitializeOnLoadMethodAttributes (5ms)
				AfterProcessingInitializeOnLoad (5ms)
				EditorAssembliesLoaded (0ms)
			ExecutionOrderSort2 (0ms)
			AwakeInstancesAfterBackupRestoration (7ms)
Platform modules already initialized, skipping
Refreshing native plugins compatible for Editor in 0.44 ms, found 2 plugins.
Preloading 0 native plugins for Editor in 0.00 ms.
Unloading 2002 Unused Serialized files (Serialized files now loaded: 0)
System memory in use before: 159.5 MB.
System memory in use after: 159.6 MB.

Unloading 15 unused Assets to reduce memory usage. Loaded Objects now: 2501.
Total: 2.893600 ms (FindLiveObjects: 0.133600 ms CreateObjectMapping: 0.040800 ms MarkObjects: 2.642100 ms  DeleteObjects: 0.075800 ms)

AssetImportParameters requested are different than current active one (requested -> active):
  custom:framework-win-MediaFoundation: 216162199b28c13a410421893ffa2e32 -> 
  custom:video-decoder-ogg-theora: a1e56fd34408186e4bbccfd4996cb3dc -> 
  custom:container-muxer-webm: aa71ff27fc2769a1b78a27578f13a17b -> 
  custom:container-demuxer-webm: 4f35f7cbe854078d1ac9338744f61a02 -> 
  custom:container-demuxer-ogg: 62fdf1f143b41e24485cea50d1cbac27 -> 
  custom:video-encoder-webm-vp8: eb34c28f22e8b96e1ab97ce403110664 -> 
  custom:video-decoder-webm-vp8: 9c59270c3fd7afecdb556c50c9e8de78 -> 
  custom:audio-decoder-ogg-vorbis: bf7c407c2cedff20999df2af8eb42d56 -> 
  custom:audio-encoder-webm-vorbis: bf7c407c2cedff20999df2af8eb42d56 -> 
========================================================================
Received Prepare
Registering precompiled user dll's ...
Registered in 0.004678 seconds.
Begin MonoManager ReloadAssembly
Native extension for WindowsStandalone target not found
Refreshing native plugins compatible for Editor in 0.75 ms, found 2 plugins.
Preloading 0 native plugins for Editor in 0.00 ms.
Mono: successfully reloaded assembly
- Completed reload, in  1.143 seconds
Domain Reload Profiling:
	ReloadAssembly (1143ms)
		BeginReloadAssembly (121ms)
			ExecutionOrderSort (0ms)
			DisableScriptedObjects (5ms)
			BackupInstance (0ms)
			ReleaseScriptingObjects (0ms)
			CreateAndSetChildDomain (35ms)
		EndReloadAssembly (957ms)
			LoadAssemblies (87ms)
			RebuildTransferFunctionScriptingTraits (0ms)
			SetupTypeCache (267ms)
			ReleaseScriptCaches (2ms)
			RebuildScriptCaches (54ms)
			SetupLoadedEditorAssemblies (449ms)
				LogAssemblyErrors (0ms)
				InitializePlatformSupportModulesInManaged (6ms)
				SetLoadedEditorAssemblies (1ms)
				RefreshPlugins (1ms)
				BeforeProcessingInitializeOnLoad (101ms)
				ProcessInitializeOnLoadAttributes (330ms)
				ProcessInitializeOnLoadMethodAttributes (4ms)
				AfterProcessingInitializeOnLoad (5ms)
				EditorAssembliesLoaded (0ms)
			ExecutionOrderSort2 (0ms)
			AwakeInstancesAfterBackupRestoration (7ms)
Platform modules already initialized, skipping
Refreshing native plugins compatible for Editor in 0.46 ms, found 2 plugins.
Preloading 0 native plugins for Editor in 0.00 ms.
Unloading 2002 Unused Serialized files (Serialized files now loaded: 0)
System memory in use before: 159.6 MB.
System memory in use after: 159.6 MB.

Unloading 15 unused Assets to reduce memory usage. Loaded Objects now: 2503.
Total: 3.529300 ms (FindLiveObjects: 0.140500 ms CreateObjectMapping: 0.039300 ms MarkObjects: 3.262100 ms  DeleteObjects: 0.085900 ms)

AssetImportParameters requested are different than current active one (requested -> active):
  custom:framework-win-MediaFoundation: 216162199b28c13a410421893ffa2e32 -> 
  custom:video-decoder-ogg-theora: a1e56fd34408186e4bbccfd4996cb3dc -> 
  custom:container-muxer-webm: aa71ff27fc2769a1b78a27578f13a17b -> 
  custom:container-demuxer-webm: 4f35f7cbe854078d1ac9338744f61a02 -> 
  custom:container-demuxer-ogg: 62fdf1f143b41e24485cea50d1cbac27 -> 
  custom:video-encoder-webm-vp8: eb34c28f22e8b96e1ab97ce403110664 -> 
  custom:video-decoder-webm-vp8: 9c59270c3fd7afecdb556c50c9e8de78 -> 
  custom:audio-decoder-ogg-vorbis: bf7c407c2cedff20999df2af8eb42d56 -> 
  custom:audio-encoder-webm-vorbis: bf7c407c2cedff20999df2af8eb42d56 -> 
========================================================================
Received Prepare
Registering precompiled user dll's ...
Registered in 0.003137 seconds.
Begin MonoManager ReloadAssembly
Native extension for WindowsStandalone target not found
Refreshing native plugins compatible for Editor in 0.43 ms, found 2 plugins.
Preloading 0 native plugins for Editor in 0.00 ms.
Mono: successfully reloaded assembly
- Completed reload, in  1.111 seconds
Domain Reload Profiling:
	ReloadAssembly (1111ms)
		BeginReloadAssembly (132ms)
			ExecutionOrderSort (0ms)
			DisableScriptedObjects (4ms)
			BackupInstance (0ms)
			ReleaseScriptingObjects (0ms)
			CreateAndSetChildDomain (37ms)
		EndReloadAssembly (921ms)
			LoadAssemblies (86ms)
			RebuildTransferFunctionScriptingTraits (0ms)
			SetupTypeCache (266ms)
			ReleaseScriptCaches (2ms)
			RebuildScriptCaches (60ms)
			SetupLoadedEditorAssemblies (410ms)
				LogAssemblyErrors (0ms)
				InitializePlatformSupportModulesInManaged (5ms)
				SetLoadedEditorAssemblies (0ms)
				RefreshPlugins (0ms)
				BeforeProcessingInitializeOnLoad (94ms)
				ProcessInitializeOnLoadAttributes (301ms)
				ProcessInitializeOnLoadMethodAttributes (4ms)
				AfterProcessingInitializeOnLoad (6ms)
				EditorAssembliesLoaded (0ms)
			ExecutionOrderSort2 (0ms)
			AwakeInstancesAfterBackupRestoration (11ms)
Platform modules already initialized, skipping
Refreshing native plugins compatible for Editor in 0.47 ms, found 2 plugins.
Preloading 0 native plugins for Editor in 0.00 ms.
Unloading 2002 Unused Serialized files (Serialized files now loaded: 0)
System memory in use before: 159.6 MB.
System memory in use after: 159.6 MB.

Unloading 15 unused Assets to reduce memory usage. Loaded Objects now: 2505.
Total: 2.463200 ms (FindLiveObjects: 0.135400 ms CreateObjectMapping: 0.037200 ms MarkObjects: 2.206600 ms  DeleteObjects: 0.082600 ms)

AssetImportParameters requested are different than current active one (requested -> active):
  custom:framework-win-MediaFoundation: 216162199b28c13a410421893ffa2e32 -> 
  custom:video-decoder-ogg-theora: a1e56fd34408186e4bbccfd4996cb3dc -> 
  custom:container-muxer-webm: aa71ff27fc2769a1b78a27578f13a17b -> 
  custom:container-demuxer-webm: 4f35f7cbe854078d1ac9338744f61a02 -> 
  custom:container-demuxer-ogg: 62fdf1f143b41e24485cea50d1cbac27 -> 
  custom:video-encoder-webm-vp8: eb34c28f22e8b96e1ab97ce403110664 -> 
  custom:video-decoder-webm-vp8: 9c59270c3fd7afecdb556c50c9e8de78 -> 
  custom:audio-decoder-ogg-vorbis: bf7c407c2cedff20999df2af8eb42d56 -> 
  custom:audio-encoder-webm-vorbis: bf7c407c2cedff20999df2af8eb42d56 -> 
========================================================================
Received Import Request.
  Time since last request: 1401.818351 seconds.
  path: Assets/FPS/Prefabs/RootObjects
  artifactKey: Guid(d52cab68ece705d4fa966e27d1aa1d16) Importer(815301076,1909f56bfc062723c751e8b465ee728b)
Start importing Assets/FPS/Prefabs/RootObjects using Guid(d52cab68ece705d4fa966e27d1aa1d16) Importer(815301076,1909f56bfc062723c751e8b465ee728b)  -> (artifact id: '7c39e5b3181952815467a43a72eb757f') in 0.014065 seconds 
  Import took 0.017923 seconds .

========================================================================
Received Import Request.
  Time since last request: 0.050388 seconds.
  path: Assets/FPS/Prefabs/RootObjects/OBJAltar.obj
  artifactKey: Guid(5e2d72411753da244851ae358f741a58) Importer(815301076,1909f56bfc062723c751e8b465ee728b)
Start importing Assets/FPS/Prefabs/RootObjects/OBJAltar.obj using Guid(5e2d72411753da244851ae358f741a58) Importer(815301076,1909f56bfc062723c751e8b465ee728b)  -> (artifact id: 'edfde69632e6a044846188ea109930b7') in 0.213943 seconds 
  Import took 0.219367 seconds .

========================================================================
Received Import Request.
  Time since last request: 0.000210 seconds.
  path: Assets/FPS/Prefabs/RootObjects/OBJRamp_8m.obj
  artifactKey: Guid(b13f5faa09e1e184290877278ca51839) Importer(815301076,1909f56bfc062723c751e8b465ee728b)
Start importing Assets/FPS/Prefabs/RootObjects/OBJRamp_8m.obj using Guid(b13f5faa09e1e184290877278ca51839) Importer(815301076,1909f56bfc062723c751e8b465ee728b)  -> (artifact id: '3b2b10da15ecf701a06e29517ce7d43a') in 0.033549 seconds 
  Import took 0.037014 seconds .

========================================================================
Received Import Request.
  Time since last request: 0.000209 seconds.
  path: Assets/FPS/Prefabs/RootObjects/OBJWall_4m.obj
  artifactKey: Guid(3a5510c8020397346b8db5d31aed01ac) Importer(815301076,1909f56bfc062723c751e8b465ee728b)
Start importing Assets/FPS/Prefabs/RootObjects/OBJWall_4m.obj using Guid(3a5510c8020397346b8db5d31aed01ac) Importer(815301076,1909f56bfc062723c751e8b465ee728b)  -> (artifact id: '9fd280e20a4906e52629cb578e208d78') in 0.033171 seconds 
  Import took 0.036779 seconds .

========================================================================
Received Import Request.
  Time since last request: 0.000324 seconds.
  path: Assets/FPS/Prefabs/RootObjects/OBJWall_1m.obj
  artifactKey: Guid(045caaf225a94314da92f49a829f116c) Importer(815301076,1909f56bfc062723c751e8b465ee728b)
Start importing Assets/FPS/Prefabs/RootObjects/OBJWall_1m.obj using Guid(045caaf225a94314da92f49a829f116c) Importer(815301076,1909f56bfc062723c751e8b465ee728b)  -> (artifact id: '9eb1117b154af4096959cb987418cbf4') in 0.033618 seconds 
  Import took 0.037056 seconds .

========================================================================
Received Import Request.
  Time since last request: 0.000220 seconds.
  path: Assets/FPS/Prefabs/RootObjects/OBJWall_Door.obj
  artifactKey: Guid(c84a4eb9153fdc04b8a0150af1de6902) Importer(815301076,1909f56bfc062723c751e8b465ee728b)
Start importing Assets/FPS/Prefabs/RootObjects/OBJWall_Door.obj using Guid(c84a4eb9153fdc04b8a0150af1de6902) Importer(815301076,1909f56bfc062723c751e8b465ee728b)  -> (artifact id: '61e3e841b2184b7c1392340d99bfff94') in 0.040392 seconds 
  Import took 0.043446 seconds .

========================================================================
Received Import Request.
  Time since last request: 0.000270 seconds.
  path: Assets/FPS/Prefabs/RootObjects/OBJDun_BigDoor.obj
  artifactKey: Guid(be360768de4eef5438409a0ecb7effcc) Importer(815301076,1909f56bfc062723c751e8b465ee728b)
Start importing Assets/FPS/Prefabs/RootObjects/OBJDun_BigDoor.obj using Guid(be360768de4eef5438409a0ecb7effcc) Importer(815301076,1909f56bfc062723c751e8b465ee728b)  -> (artifact id: '8312722f1f144cbdb5466ed6103be739') in 0.043240 seconds 
  Import took 0.046619 seconds .

========================================================================
Received Import Request.
  Time since last request: 0.000317 seconds.
  path: Assets/FPS/Prefabs/RootObjects/OBJRamp_3m.obj
  artifactKey: Guid(becd2f1944aa3ad469bf5b7846ef665b) Importer(815301076,1909f56bfc062723c751e8b465ee728b)
Start importing Assets/FPS/Prefabs/RootObjects/OBJRamp_3m.obj using Guid(becd2f1944aa3ad469bf5b7846ef665b) Importer(815301076,1909f56bfc062723c751e8b465ee728b)  -> (artifact id: '45d51bd54cdc669a7995cfdee2a87584') in 0.039757 seconds 
  Import took 0.042749 seconds .

========================================================================
Received Import Request.
  Time since last request: 0.000369 seconds.
  path: Assets/FPS/Prefabs/RootObjects/OBJFloor_Indented.obj
  artifactKey: Guid(2307b738aa8971a44852d5e80de915ff) Importer(815301076,1909f56bfc062723c751e8b465ee728b)
Start importing Assets/FPS/Prefabs/RootObjects/OBJFloor_Indented.obj using Guid(2307b738aa8971a44852d5e80de915ff) Importer(815301076,1909f56bfc062723c751e8b465ee728b)  -> (artifact id: '317df8d117012feacfb127a7f0d4bc3e') in 0.027099 seconds 
  Import took 0.030797 seconds .

========================================================================
Received Import Request.
  Time since last request: 0.000367 seconds.
  path: Assets/FPS/Prefabs/RootObjects/OBJWall_DoorLarge.obj
  artifactKey: Guid(9666b3e5e6a511b46b236073a147d986) Importer(815301076,1909f56bfc062723c751e8b465ee728b)
Start importing Assets/FPS/Prefabs/RootObjects/OBJWall_DoorLarge.obj using Guid(9666b3e5e6a511b46b236073a147d986) Importer(815301076,1909f56bfc062723c751e8b465ee728b)  -> (artifact id: 'bfec8982884deb6a511a8e35ace4fb25') in 0.031911 seconds 
  Import took 0.035339 seconds .

========================================================================
Received Import Request.
  Time since last request: 0.000260 seconds.
  path: Assets/FPS/Prefabs/RootObjects/OBJWall_Window.obj
  artifactKey: Guid(af4da4e5fdff6964e8044e498845e419) Importer(815301076,1909f56bfc062723c751e8b465ee728b)
Start importing Assets/FPS/Prefabs/RootObjects/OBJWall_Window.obj using Guid(af4da4e5fdff6964e8044e498845e419) Importer(815301076,1909f56bfc062723c751e8b465ee728b)  -> (artifact id: '8e46df82efb0dbbbf4eed37891e63d34') in 0.032551 seconds 
  Import took 0.035876 seconds .

========================================================================
Received Import Request.
  Time since last request: 0.000355 seconds.
  path: Assets/FPS/Prefabs/RootObjects/OBJFloor_HalfIndented.obj
  artifactKey: Guid(ec3c2a72cc5a5a643b9198c305d8cbbc) Importer(815301076,1909f56bfc062723c751e8b465ee728b)
Start importing Assets/FPS/Prefabs/RootObjects/OBJFloor_HalfIndented.obj using Guid(ec3c2a72cc5a5a643b9198c305d8cbbc) Importer(815301076,1909f56bfc062723c751e8b465ee728b)  -> (artifact id: '62d554194f8e01ce1b6ecff541ae28de') in 0.025111 seconds 
  Import took 0.028150 seconds .

========================================================================
Received Import Request.
  Time since last request: 0.000232 seconds.
  path: Assets/FPS/Prefabs/RootObjects/OBJRamp_4m.obj
  artifactKey: Guid(22fd404f75517024ca75ed6ea174002e) Importer(815301076,1909f56bfc062723c751e8b465ee728b)
Start importing Assets/FPS/Prefabs/RootObjects/OBJRamp_4m.obj using Guid(22fd404f75517024ca75ed6ea174002e) Importer(815301076,1909f56bfc062723c751e8b465ee728b)  -> (artifact id: '012ce6ab51924efa29386d4faf08a4e3') in 0.022862 seconds 
  Import took 0.026532 seconds .

========================================================================
Received Import Request.
  Time since last request: 0.000235 seconds.
  path: Assets/FPS/Prefabs/RootObjects/OBJBasic_Floor.obj
  artifactKey: Guid(b509642794356c148aba47d93d0e517f) Importer(815301076,1909f56bfc062723c751e8b465ee728b)
Start importing Assets/FPS/Prefabs/RootObjects/OBJBasic_Floor.obj using Guid(b509642794356c148aba47d93d0e517f) Importer(815301076,1909f56bfc062723c751e8b465ee728b)  -> (artifact id: 'f75c59225d5d7922a0afbe6eab885926') in 0.024791 seconds 
  Import took 0.029148 seconds .

========================================================================
Received Import Request.
  Time since last request: 3.962003 seconds.
  path: Assets/FPS/Prefabs/Projectiles
  artifactKey: Guid(515c825cf8783a4478e533bc8620ab12) Importer(815301076,1909f56bfc062723c751e8b465ee728b)
Start importing Assets/FPS/Prefabs/Projectiles using Guid(515c825cf8783a4478e533bc8620ab12) Importer(815301076,1909f56bfc062723c751e8b465ee728b)  -> (artifact id: 'cdfbe2eba09a06e826d48fd340cac51e') in 0.007877 seconds 
  Import took 0.012232 seconds .

========================================================================
Received Import Request.
  Time since last request: 0.062332 seconds.
  path: Assets/FPS/Prefabs/Projectiles/Projectile_Blaster.prefab
  artifactKey: Guid(3c6b27d949cdda749892906e1f1d1b27) Importer(815301076,1909f56bfc062723c751e8b465ee728b)
Start importing Assets/FPS/Prefabs/Projectiles/Projectile_Blaster.prefab using Guid(3c6b27d949cdda749892906e1f1d1b27) Importer(815301076,1909f56bfc062723c751e8b465ee728b)  -> (artifact id: '0aa455ad069fddd18dd73a069ed58c74') in 0.042752 seconds 
  Import took 0.046844 seconds .

========================================================================
Received Import Request.
  Time since last request: 0.000381 seconds.
  path: Assets/FPS/Prefabs/Projectiles/Projectile_Hoverbot.prefab
  artifactKey: Guid(ec753d54f333bb944b8b04884ad63828) Importer(815301076,1909f56bfc062723c751e8b465ee728b)
Start importing Assets/FPS/Prefabs/Projectiles/Projectile_Hoverbot.prefab using Guid(ec753d54f333bb944b8b04884ad63828) Importer(815301076,1909f56bfc062723c751e8b465ee728b)  -> (artifact id: 'd90b4c7afffcf6768275a1dd9e1e8aab') in 0.030229 seconds 
  Import took 0.033939 seconds .

========================================================================
Received Import Request.
  Time since last request: 0.000268 seconds.
  path: Assets/FPS/Prefabs/Projectiles/Projectile_Shotgun.prefab
  artifactKey: Guid(f05c7e6fbbfbe824388456bb4abff9d4) Importer(815301076,1909f56bfc062723c751e8b465ee728b)
Start importing Assets/FPS/Prefabs/Projectiles/Projectile_Shotgun.prefab using Guid(f05c7e6fbbfbe824388456bb4abff9d4) Importer(815301076,1909f56bfc062723c751e8b465ee728b)  -> (artifact id: 'b9af7650995d7f9df00d39f6004147a0') in 0.030476 seconds 
  Import took 0.034886 seconds .

========================================================================
Received Import Request.
  Time since last request: 0.000248 seconds.
  path: Assets/FPS/Prefabs/Projectiles/Projectile_Disc.prefab
  artifactKey: Guid(0e23901b938cf4f4eb86850d912715eb) Importer(815301076,1909f56bfc062723c751e8b465ee728b)
Start importing Assets/FPS/Prefabs/Projectiles/Projectile_Disc.prefab using Guid(0e23901b938cf4f4eb86850d912715eb) Importer(815301076,1909f56bfc062723c751e8b465ee728b)  -> (artifact id: 'dcaade94b1e5f6c7dff019e87a162cb9') in 0.100945 seconds 
  Import took 0.104514 seconds .

========================================================================
Received Import Request.
  Time since last request: 0.000347 seconds.
  path: Assets/FPS/Prefabs/Projectiles/Projectile_Turret.prefab
  artifactKey: Guid(154bfb4989fe16d439e8f3fb7c20b72b) Importer(815301076,1909f56bfc062723c751e8b465ee728b)
Start importing Assets/FPS/Prefabs/Projectiles/Projectile_Turret.prefab using Guid(154bfb4989fe16d439e8f3fb7c20b72b) Importer(815301076,1909f56bfc062723c751e8b465ee728b)  -> (artifact id: 'e8bf0509fd5729ea0b27f5c9ec7c2525') in 0.016324 seconds 
  Import took 0.019452 seconds .

========================================================================
Received Import Request.
  Time since last request: 2.593053 seconds.
  path: Assets/FPS/Prefabs/Pickups
  artifactKey: Guid(e1397986f88254c4c80a6b24183d0b22) Importer(815301076,1909f56bfc062723c751e8b465ee728b)
Start importing Assets/FPS/Prefabs/Pickups using Guid(e1397986f88254c4c80a6b24183d0b22) Importer(815301076,1909f56bfc062723c751e8b465ee728b)  -> (artifact id: '33c5d240e1a3551dbe2736324c97b94b') in 0.007837 seconds 
  Import took 0.011748 seconds .

========================================================================
Received Import Request.
  Time since last request: 0.001582 seconds.
  path: Assets/FPS/Prefabs/Pickups
  artifactKey: Guid(e1397986f88254c4c80a6b24183d0b22) Importer(815301076,1909f56bfc062723c751e8b465ee728b)
Start importing Assets/FPS/Prefabs/Pickups using Guid(e1397986f88254c4c80a6b24183d0b22) Importer(815301076,1909f56bfc062723c751e8b465ee728b)  -> (artifact id: '33c5d240e1a3551dbe2736324c97b94b') in 0.003406 seconds 
  Import took 0.007294 seconds .

========================================================================
Received Import Request.
  Time since last request: 0.055515 seconds.
  path: Assets/FPS/Prefabs/Pickups/Loot_Health.prefab
  artifactKey: Guid(9973c412032becb4ca116ca08be62edf) Importer(815301076,1909f56bfc062723c751e8b465ee728b)
Start importing Assets/FPS/Prefabs/Pickups/Loot_Health.prefab using Guid(9973c412032becb4ca116ca08be62edf) Importer(815301076,1909f56bfc062723c751e8b465ee728b)  -> (artifact id: '322c5170d2e274d310a69684498e4e5c') in 0.141410 seconds 
  Import took 0.144945 seconds .

========================================================================
Received Import Request.
  Time since last request: 0.000384 seconds.
  path: Assets/FPS/Prefabs/Pickups/Pickup_Blaster.prefab
  artifactKey: Guid(fe0bc5bbccc19ef47a15b81c0abbb779) Importer(815301076,1909f56bfc062723c751e8b465ee728b)
Start importing Assets/FPS/Prefabs/Pickups/Pickup_Blaster.prefab using Guid(fe0bc5bbccc19ef47a15b81c0abbb779) Importer(815301076,1909f56bfc062723c751e8b465ee728b)  -> (artifact id: 'd76b5a6076faa823ee40113ef9008b48') in 0.150069 seconds 
  Import took 0.153779 seconds .

========================================================================
Received Import Request.
  Time since last request: 0.000250 seconds.
  path: Assets/FPS/Prefabs/Pickups/Pickup_Jetpack.prefab
  artifactKey: Guid(d771f03a2656e194fba5a444d5a3d9e7) Importer(815301076,1909f56bfc062723c751e8b465ee728b)
Start importing Assets/FPS/Prefabs/Pickups/Pickup_Jetpack.prefab using Guid(d771f03a2656e194fba5a444d5a3d9e7) Importer(815301076,1909f56bfc062723c751e8b465ee728b)  -> (artifact id: '31df44ad87aca593c9c25894672c47cf') in 0.114457 seconds 
  Import took 0.117383 seconds .

========================================================================
Received Import Request.
  Time since last request: 0.000319 seconds.
  path: Assets/FPS/Prefabs/Pickups/Loot_Jetpack.prefab
  artifactKey: Guid(0bb4e7bdf1aec0247854edd179ed1557) Importer(815301076,1909f56bfc062723c751e8b465ee728b)
Start importing Assets/FPS/Prefabs/Pickups/Loot_Jetpack.prefab using Guid(0bb4e7bdf1aec0247854edd179ed1557) Importer(815301076,1909f56bfc062723c751e8b465ee728b)  -> (artifact id: '24c39c172f3746e8f4cb88cc565c51be') in 0.036871 seconds 
  Import took 0.041622 seconds .

========================================================================
Received Import Request.
  Time since last request: 0.000259 seconds.
  path: Assets/FPS/Prefabs/Pickups/Pickup_Health.prefab
  artifactKey: Guid(d40ae884302b6684a8b3b6f3d55a71ba) Importer(815301076,1909f56bfc062723c751e8b465ee728b)
Start importing Assets/FPS/Prefabs/Pickups/Pickup_Health.prefab using Guid(d40ae884302b6684a8b3b6f3d55a71ba) Importer(815301076,1909f56bfc062723c751e8b465ee728b)  -> (artifact id: '656e95b5b71b8405df7aa4638c645c58') in 0.019857 seconds 
  Import took 0.023585 seconds .

========================================================================
Received Import Request.
  Time since last request: 0.000313 seconds.
  path: Assets/FPS/Prefabs/Pickups/Pickup_Shotgun.prefab
  artifactKey: Guid(66d579771ab0ab94a92b3411ba179621) Importer(815301076,1909f56bfc062723c751e8b465ee728b)
Start importing Assets/FPS/Prefabs/Pickups/Pickup_Shotgun.prefab using Guid(66d579771ab0ab94a92b3411ba179621) Importer(815301076,1909f56bfc062723c751e8b465ee728b)  -> (artifact id: 'f649974c07f22ec23af5e2972cec19e1') in 0.071949 seconds 
  Import took 0.075850 seconds .

========================================================================
Received Import Request.
  Time since last request: 0.000310 seconds.
  path: Assets/FPS/Prefabs/Pickups/Pickup_Launcher.prefab
  artifactKey: Guid(a7fa348d53593bb42922672c6cf40651) Importer(815301076,1909f56bfc062723c751e8b465ee728b)
Start importing Assets/FPS/Prefabs/Pickups/Pickup_Launcher.prefab using Guid(a7fa348d53593bb42922672c6cf40651) Importer(815301076,1909f56bfc062723c751e8b465ee728b)  -> (artifact id: '2e0249bb916ecc646018115c023cd42f') in 0.096558 seconds 
  Import took 0.101890 seconds .

========================================================================
Received Import Request.
  Time since last request: 81.905367 seconds.
  path: Assets/FPS/Scenes/MainScene 2.unity
  artifactKey: Guid(270054ef5b516fb40b89df5c378e2bee) Importer(815301076,1909f56bfc062723c751e8b465ee728b)
Start importing Assets/FPS/Scenes/MainScene 2.unity using Guid(270054ef5b516fb40b89df5c378e2bee) Importer(815301076,1909f56bfc062723c751e8b465ee728b)  -> (artifact id: '0073b2d7bfd76a49c823ad303084f714') in 0.003992 seconds 
  Import took 0.009427 seconds .

========================================================================
Received Import Request.
  Time since last request: 0.000808 seconds.
  path: Assets/FPS/Scenes/MainScene 2.unity
  artifactKey: Guid(270054ef5b516fb40b89df5c378e2bee) Importer(815301076,1909f56bfc062723c751e8b465ee728b)
Start importing Assets/FPS/Scenes/MainScene 2.unity using Guid(270054ef5b516fb40b89df5c378e2bee) Importer(815301076,1909f56bfc062723c751e8b465ee728b)  -> (artifact id: '0073b2d7bfd76a49c823ad303084f714') in 0.002998 seconds 
  Import took 0.006714 seconds .

========================================================================
Received Import Request.
  Time since last request: 1063.314570 seconds.
  path: Assets/FPS/Prefabs/Level/Walls/New Folder
  artifactKey: Guid(fb4e966a209a39748b35a19bff6c2ad3) Importer(815301076,1909f56bfc062723c751e8b465ee728b)
Start importing Assets/FPS/Prefabs/Level/Walls/New Folder using Guid(fb4e966a209a39748b35a19bff6c2ad3) Importer(815301076,1909f56bfc062723c751e8b465ee728b)  -> (artifact id: '2c7511fdae11583cfdd6e2d3edd7e679') in 0.007215 seconds 
  Import took 0.012494 seconds .

========================================================================
Received Import Request.
  Time since last request: 96.555371 seconds.
  path: Assets/FPS/Prefabs/Level/Rooms/Room.prefab
  artifactKey: Guid(fe6cb114d99a6d04392308c3f54db32c) Importer(815301076,1909f56bfc062723c751e8b465ee728b)
Start importing Assets/FPS/Prefabs/Level/Rooms/Room.prefab using Guid(fe6cb114d99a6d04392308c3f54db32c) Importer(815301076,1909f56bfc062723c751e8b465ee728b)  -> (artifact id: 'e776c28fba94a4f298d19dc63042589f') in 0.030693 seconds 
  Import took 0.036366 seconds .

========================================================================
Received Import Request.
  Time since last request: 47.749411 seconds.
  path: Assets/FPS/Scripts/New Folder/Spawning.cs
  artifactKey: Guid(3ddf775b120494c4589583b13633c0d8) Importer(815301076,1909f56bfc062723c751e8b465ee728b)
Start importing Assets/FPS/Scripts/New Folder/Spawning.cs using Guid(3ddf775b120494c4589583b13633c0d8) Importer(815301076,1909f56bfc062723c751e8b465ee728b)  -> (artifact id: '1495c8ee061ae54db211d3bfd078c5a3') in 0.010263 seconds 
  Import took 0.014507 seconds .

========================================================================
Received Import Request.
  Time since last request: 0.001703 seconds.
  path: Assets/FPS/Scripts/New Folder/Spawning.cs
  artifactKey: Guid(3ddf775b120494c4589583b13633c0d8) Importer(815301076,1909f56bfc062723c751e8b465ee728b)
Start importing Assets/FPS/Scripts/New Folder/Spawning.cs using Guid(3ddf775b120494c4589583b13633c0d8) Importer(815301076,1909f56bfc062723c751e8b465ee728b)  -> (artifact id: '1495c8ee061ae54db211d3bfd078c5a3') in 0.003064 seconds 
  Import took 0.006968 seconds .

========================================================================
Received Import Request.
  Time since last request: 7.322002 seconds.
  path: Assets/FPS/Scripts/New Folder/Room.cs
  artifactKey: Guid(3ddf775b120494c4589583b13633c0d8) Importer(815301076,1909f56bfc062723c751e8b465ee728b)
Start importing Assets/FPS/Scripts/New Folder/Room.cs using Guid(3ddf775b120494c4589583b13633c0d8) Importer(815301076,1909f56bfc062723c751e8b465ee728b)  -> (artifact id: 'c8c7c260a9b6f817af1bf5ebcb9e7fab') in 0.003028 seconds 
  Import took 0.006222 seconds .

========================================================================
Received Prepare
Registering precompiled user dll's ...
Registered in 0.007052 seconds.
Begin MonoManager ReloadAssembly
Native extension for WindowsStandalone target not found
Refreshing native plugins compatible for Editor in 0.40 ms, found 2 plugins.
Preloading 0 native plugins for Editor in 0.00 ms.
Mono: successfully reloaded assembly
- Completed reload, in  1.266 seconds
Domain Reload Profiling:
	ReloadAssembly (1267ms)
		BeginReloadAssembly (146ms)
			ExecutionOrderSort (0ms)
			DisableScriptedObjects (7ms)
			BackupInstance (0ms)
			ReleaseScriptingObjects (0ms)
			CreateAndSetChildDomain (54ms)
		EndReloadAssembly (1026ms)
			LoadAssemblies (120ms)
			RebuildTransferFunctionScriptingTraits (0ms)
			SetupTypeCache (318ms)
			ReleaseScriptCaches (1ms)
			RebuildScriptCaches (69ms)
			SetupLoadedEditorAssemblies (395ms)
				LogAssemblyErrors (0ms)
				InitializePlatformSupportModulesInManaged (4ms)
				SetLoadedEditorAssemblies (0ms)
				RefreshPlugins (0ms)
				BeforeProcessingInitializeOnLoad (104ms)
				ProcessInitializeOnLoadAttributes (278ms)
				ProcessInitializeOnLoadMethodAttributes (3ms)
				AfterProcessingInitializeOnLoad (4ms)
				EditorAssembliesLoaded (0ms)
			ExecutionOrderSort2 (0ms)
			AwakeInstancesAfterBackupRestoration (6ms)
Platform modules already initialized, skipping
Refreshing native plugins compatible for Editor in 0.46 ms, found 2 plugins.
Preloading 0 native plugins for Editor in 0.00 ms.
Unloading 2002 Unused Serialized files (Serialized files now loaded: 0)
System memory in use before: 163.1 MB.
System memory in use after: 163.2 MB.

Unloading 15 unused Assets to reduce memory usage. Loaded Objects now: 2552.
Total: 3.071300 ms (FindLiveObjects: 0.153300 ms CreateObjectMapping: 0.041700 ms MarkObjects: 2.796700 ms  DeleteObjects: 0.078100 ms)

AssetImportParameters requested are different than current active one (requested -> active):
  custom:framework-win-MediaFoundation: 216162199b28c13a410421893ffa2e32 -> 
  custom:video-decoder-ogg-theora: a1e56fd34408186e4bbccfd4996cb3dc -> 
  custom:container-muxer-webm: aa71ff27fc2769a1b78a27578f13a17b -> 
  custom:container-demuxer-webm: 4f35f7cbe854078d1ac9338744f61a02 -> 
  custom:container-demuxer-ogg: 62fdf1f143b41e24485cea50d1cbac27 -> 
  custom:video-encoder-webm-vp8: eb34c28f22e8b96e1ab97ce403110664 -> 
  custom:video-decoder-webm-vp8: 9c59270c3fd7afecdb556c50c9e8de78 -> 
  custom:audio-decoder-ogg-vorbis: bf7c407c2cedff20999df2af8eb42d56 -> 
  custom:audio-encoder-webm-vorbis: bf7c407c2cedff20999df2af8eb42d56 -> 
========================================================================
Received Import Request.
  Time since last request: 19.079373 seconds.
  path: Assets/FPS/Scripts/New Folder/Room.cs
  artifactKey: Guid(3ddf775b120494c4589583b13633c0d8) Importer(815301076,1909f56bfc062723c751e8b465ee728b)
Start importing Assets/FPS/Scripts/New Folder/Room.cs using Guid(3ddf775b120494c4589583b13633c0d8) Importer(815301076,1909f56bfc062723c751e8b465ee728b)  -> (artifact id: 'bf5c63b75d433fdfe336c87b2ea095af') in 0.014879 seconds 
  Import took 0.019387 seconds .

========================================================================
Received Prepare
Registering precompiled user dll's ...
Registered in 0.003859 seconds.
Begin MonoManager ReloadAssembly
Native extension for WindowsStandalone target not found
Refreshing native plugins compatible for Editor in 0.73 ms, found 2 plugins.
Preloading 0 native plugins for Editor in 0.00 ms.
Mono: successfully reloaded assembly
- Completed reload, in  1.136 seconds
Domain Reload Profiling:
	ReloadAssembly (1136ms)
		BeginReloadAssembly (142ms)
			ExecutionOrderSort (0ms)
			DisableScriptedObjects (4ms)
			BackupInstance (0ms)
			ReleaseScriptingObjects (0ms)
			CreateAndSetChildDomain (37ms)
		EndReloadAssembly (923ms)
			LoadAssemblies (111ms)
			RebuildTransferFunctionScriptingTraits (0ms)
			SetupTypeCache (324ms)
			ReleaseScriptCaches (1ms)
			RebuildScriptCaches (48ms)
			SetupLoadedEditorAssemblies (368ms)
				LogAssemblyErrors (0ms)
				InitializePlatformSupportModulesInManaged (10ms)
				SetLoadedEditorAssemblies (1ms)
				RefreshPlugins (1ms)
				BeforeProcessingInitializeOnLoad (81ms)
				ProcessInitializeOnLoadAttributes (268ms)
				ProcessInitializeOnLoadMethodAttributes (4ms)
				AfterProcessingInitializeOnLoad (4ms)
				EditorAssembliesLoaded (0ms)
			ExecutionOrderSort2 (0ms)
			AwakeInstancesAfterBackupRestoration (6ms)
Platform modules already initialized, skipping
Refreshing native plugins compatible for Editor in 0.43 ms, found 2 plugins.
Preloading 0 native plugins for Editor in 0.00 ms.
Unloading 2002 Unused Serialized files (Serialized files now loaded: 0)
System memory in use before: 163.0 MB.
System memory in use after: 163.1 MB.

Unloading 15 unused Assets to reduce memory usage. Loaded Objects now: 2554.
Total: 2.451200 ms (FindLiveObjects: 0.137600 ms CreateObjectMapping: 0.040500 ms MarkObjects: 2.194300 ms  DeleteObjects: 0.077500 ms)

AssetImportParameters requested are different than current active one (requested -> active):
  custom:framework-win-MediaFoundation: 216162199b28c13a410421893ffa2e32 -> 
  custom:video-decoder-ogg-theora: a1e56fd34408186e4bbccfd4996cb3dc -> 
  custom:container-muxer-webm: aa71ff27fc2769a1b78a27578f13a17b -> 
  custom:container-demuxer-webm: 4f35f7cbe854078d1ac9338744f61a02 -> 
  custom:container-demuxer-ogg: 62fdf1f143b41e24485cea50d1cbac27 -> 
  custom:video-encoder-webm-vp8: eb34c28f22e8b96e1ab97ce403110664 -> 
  custom:video-decoder-webm-vp8: 9c59270c3fd7afecdb556c50c9e8de78 -> 
  custom:audio-decoder-ogg-vorbis: bf7c407c2cedff20999df2af8eb42d56 -> 
  custom:audio-encoder-webm-vorbis: bf7c407c2cedff20999df2af8eb42d56 -> 
========================================================================
Received Import Request.
  Time since last request: 72.776668 seconds.
  path: Assets/FPS/Prefabs/Level/Rooms/Room.prefab
  artifactKey: Guid(fe6cb114d99a6d04392308c3f54db32c) Importer(815301076,1909f56bfc062723c751e8b465ee728b)
Start importing Assets/FPS/Prefabs/Level/Rooms/Room.prefab using Guid(fe6cb114d99a6d04392308c3f54db32c) Importer(815301076,1909f56bfc062723c751e8b465ee728b)  -> (artifact id: 'd34e477d0b47043e6a521dfb65d843d7') in 0.065626 seconds 
  Import took 0.071865 seconds .

========================================================================
Received Import Request.
  Time since last request: 4.278852 seconds.
  path: Assets/FPS/Prefabs/Level/Rooms/Room.prefab
  artifactKey: Guid(fe6cb114d99a6d04392308c3f54db32c) Importer(815301076,1909f56bfc062723c751e8b465ee728b)
Start importing Assets/FPS/Prefabs/Level/Rooms/Room.prefab using Guid(fe6cb114d99a6d04392308c3f54db32c) Importer(815301076,1909f56bfc062723c751e8b465ee728b)  -> (artifact id: '53bd70b867fc2056a123841701568746') in 0.030393 seconds 
  Import took 0.034892 seconds .

========================================================================
Received Import Request.
  Time since last request: 20.286455 seconds.
  path: Assets/FPS/Prefabs/Level/Rooms/Room.prefab
  artifactKey: Guid(fe6cb114d99a6d04392308c3f54db32c) Importer(815301076,1909f56bfc062723c751e8b465ee728b)
Start importing Assets/FPS/Prefabs/Level/Rooms/Room.prefab using Guid(fe6cb114d99a6d04392308c3f54db32c) Importer(815301076,1909f56bfc062723c751e8b465ee728b)  -> (artifact id: '19492c7cd2a212f5a5640aa43cf9feb9') in 0.022736 seconds 
  Import took 0.028601 seconds .

========================================================================
Received Import Request.
  Time since last request: 4.606282 seconds.
  path: Assets/FPS/Prefabs/Level/Rooms/Room.prefab
  artifactKey: Guid(fe6cb114d99a6d04392308c3f54db32c) Importer(815301076,1909f56bfc062723c751e8b465ee728b)
Start importing Assets/FPS/Prefabs/Level/Rooms/Room.prefab using Guid(fe6cb114d99a6d04392308c3f54db32c) Importer(815301076,1909f56bfc062723c751e8b465ee728b)  -> (artifact id: '1797814baa1c29d2dbe19b04846793ea') in 0.023387 seconds 
  Import took 0.028990 seconds .

========================================================================
Received Import Request.
  Time since last request: 1.383586 seconds.
  path: Assets/FPS/Prefabs/Level/Rooms/Room.prefab
  artifactKey: Guid(fe6cb114d99a6d04392308c3f54db32c) Importer(815301076,1909f56bfc062723c751e8b465ee728b)
Start importing Assets/FPS/Prefabs/Level/Rooms/Room.prefab using Guid(fe6cb114d99a6d04392308c3f54db32c) Importer(815301076,1909f56bfc062723c751e8b465ee728b)  -> (artifact id: '937d63318514dafd446692f27c118262') in 0.030160 seconds 
  Import took 0.036753 seconds .

========================================================================
Received Prepare
Registering precompiled user dll's ...
Registered in 0.003290 seconds.
Begin MonoManager ReloadAssembly
Native extension for WindowsStandalone target not found
Refreshing native plugins compatible for Editor in 0.39 ms, found 2 plugins.
Preloading 0 native plugins for Editor in 0.00 ms.
Mono: successfully reloaded assembly
- Completed reload, in  1.082 seconds
Domain Reload Profiling:
	ReloadAssembly (1082ms)
		BeginReloadAssembly (122ms)
			ExecutionOrderSort (0ms)
			DisableScriptedObjects (5ms)
			BackupInstance (0ms)
			ReleaseScriptingObjects (0ms)
			CreateAndSetChildDomain (37ms)
		EndReloadAssembly (902ms)
			LoadAssemblies (74ms)
			RebuildTransferFunctionScriptingTraits (0ms)
			SetupTypeCache (256ms)
			ReleaseScriptCaches (2ms)
			RebuildScriptCaches (49ms)
			SetupLoadedEditorAssemblies (419ms)
				LogAssemblyErrors (0ms)
				InitializePlatformSupportModulesInManaged (8ms)
				SetLoadedEditorAssemblies (0ms)
				RefreshPlugins (0ms)
				BeforeProcessingInitializeOnLoad (103ms)
				ProcessInitializeOnLoadAttributes (297ms)
				ProcessInitializeOnLoadMethodAttributes (4ms)
				AfterProcessingInitializeOnLoad (5ms)
				EditorAssembliesLoaded (0ms)
			ExecutionOrderSort2 (0ms)
			AwakeInstancesAfterBackupRestoration (7ms)
Platform modules already initialized, skipping
Refreshing native plugins compatible for Editor in 0.68 ms, found 2 plugins.
Preloading 0 native plugins for Editor in 0.00 ms.
Unloading 2002 Unused Serialized files (Serialized files now loaded: 0)
System memory in use before: 163.4 MB.
System memory in use after: 163.4 MB.

Unloading 15 unused Assets to reduce memory usage. Loaded Objects now: 2557.
Total: 5.908300 ms (FindLiveObjects: 0.338900 ms CreateObjectMapping: 0.127900 ms MarkObjects: 5.298500 ms  DeleteObjects: 0.140500 ms)

AssetImportParameters requested are different than current active one (requested -> active):
  custom:framework-win-MediaFoundation: 216162199b28c13a410421893ffa2e32 -> 
  custom:video-decoder-ogg-theora: a1e56fd34408186e4bbccfd4996cb3dc -> 
  custom:container-muxer-webm: aa71ff27fc2769a1b78a27578f13a17b -> 
  custom:container-demuxer-webm: 4f35f7cbe854078d1ac9338744f61a02 -> 
  custom:container-demuxer-ogg: 62fdf1f143b41e24485cea50d1cbac27 -> 
  custom:video-encoder-webm-vp8: eb34c28f22e8b96e1ab97ce403110664 -> 
  custom:video-decoder-webm-vp8: 9c59270c3fd7afecdb556c50c9e8de78 -> 
  custom:audio-decoder-ogg-vorbis: bf7c407c2cedff20999df2af8eb42d56 -> 
  custom:audio-encoder-webm-vorbis: bf7c407c2cedff20999df2af8eb42d56 -> 
========================================================================
Received Import Request.
  Time since last request: 111.659342 seconds.
  path: Assets/FPS/Prefabs/Level/Rooms/Room.prefab
  artifactKey: Guid(fe6cb114d99a6d04392308c3f54db32c) Importer(815301076,1909f56bfc062723c751e8b465ee728b)
Start importing Assets/FPS/Prefabs/Level/Rooms/Room.prefab using Guid(fe6cb114d99a6d04392308c3f54db32c) Importer(815301076,1909f56bfc062723c751e8b465ee728b)  -> (artifact id: '9fb0808757e32d9947752a45db058f2a') in 0.060073 seconds 
  Import took 0.064565 seconds .

========================================================================
Received Import Request.
  Time since last request: 17.379479 seconds.
  path: Assets/FPS/Prefabs/Level/Rooms/Room.prefab
  artifactKey: Guid(fe6cb114d99a6d04392308c3f54db32c) Importer(815301076,1909f56bfc062723c751e8b465ee728b)
Start importing Assets/FPS/Prefabs/Level/Rooms/Room.prefab using Guid(fe6cb114d99a6d04392308c3f54db32c) Importer(815301076,1909f56bfc062723c751e8b465ee728b)  -> (artifact id: '805ebd6e23d59294bc5a0e8e6a019826') in 0.024937 seconds 
  Import took 0.029742 seconds .

========================================================================
Received Import Request.
  Time since last request: 10.126599 seconds.
  path: Assets/FPS/Prefabs/Level/Rooms/Room.prefab
  artifactKey: Guid(fe6cb114d99a6d04392308c3f54db32c) Importer(815301076,1909f56bfc062723c751e8b465ee728b)
Start importing Assets/FPS/Prefabs/Level/Rooms/Room.prefab using Guid(fe6cb114d99a6d04392308c3f54db32c) Importer(815301076,1909f56bfc062723c751e8b465ee728b)  -> (artifact id: 'cbb83acf74ab7dc86454820993cd1f21') in 0.024565 seconds 
  Import took 0.029235 seconds .

========================================================================
Received Import Request.
  Time since last request: 18.479747 seconds.
  path: Assets/FPS/Prefabs/Level/Rooms/Room.prefab
  artifactKey: Guid(fe6cb114d99a6d04392308c3f54db32c) Importer(815301076,1909f56bfc062723c751e8b465ee728b)
Start importing Assets/FPS/Prefabs/Level/Rooms/Room.prefab using Guid(fe6cb114d99a6d04392308c3f54db32c) Importer(815301076,1909f56bfc062723c751e8b465ee728b)  -> (artifact id: 'ef97596845a4f07a4bba0385ed804192') in 0.024680 seconds 
  Import took 0.029200 seconds .

========================================================================
Received Import Request.
  Time since last request: 11.815359 seconds.
  path: Assets/FPS/Prefabs/Level/Rooms/Room.prefab
  artifactKey: Guid(fe6cb114d99a6d04392308c3f54db32c) Importer(815301076,1909f56bfc062723c751e8b465ee728b)
Start importing Assets/FPS/Prefabs/Level/Rooms/Room.prefab using Guid(fe6cb114d99a6d04392308c3f54db32c) Importer(815301076,1909f56bfc062723c751e8b465ee728b)  -> (artifact id: '64fdc935849690f34719cbd88c8da0be') in 0.022903 seconds 
  Import took 0.027369 seconds .

========================================================================
Received Import Request.
  Time since last request: 15.299400 seconds.
  path: Assets/FPS/Prefabs/Level/Rooms/Room.prefab
  artifactKey: Guid(fe6cb114d99a6d04392308c3f54db32c) Importer(815301076,1909f56bfc062723c751e8b465ee728b)
Start importing Assets/FPS/Prefabs/Level/Rooms/Room.prefab using Guid(fe6cb114d99a6d04392308c3f54db32c) Importer(815301076,1909f56bfc062723c751e8b465ee728b)  -> (artifact id: '5395a608aa8916b5b282c35adaae5296') in 0.014261 seconds 
  Import took 0.019156 seconds .

========================================================================
Received Import Request.
  Time since last request: 98.159117 seconds.
  path: Assets/FPS/Prefabs/Level/Rooms/Room.prefab
  artifactKey: Guid(fe6cb114d99a6d04392308c3f54db32c) Importer(815301076,1909f56bfc062723c751e8b465ee728b)
Start importing Assets/FPS/Prefabs/Level/Rooms/Room.prefab using Guid(fe6cb114d99a6d04392308c3f54db32c) Importer(815301076,1909f56bfc062723c751e8b465ee728b)  -> (artifact id: 'bdf77d1e138aa64c8dfdf0e91a47ee74') in 0.021190 seconds 
  Import took 0.026271 seconds .

========================================================================
Received Import Request.
  Time since last request: 47.067785 seconds.
  path: Assets/FPS/Prefabs/Level/Rooms/Room.prefab
  artifactKey: Guid(fe6cb114d99a6d04392308c3f54db32c) Importer(815301076,1909f56bfc062723c751e8b465ee728b)
Start importing Assets/FPS/Prefabs/Level/Rooms/Room.prefab using Guid(fe6cb114d99a6d04392308c3f54db32c) Importer(815301076,1909f56bfc062723c751e8b465ee728b)  -> (artifact id: '408d6ad8cfccf710dbdc55d8dfd3d177') in 0.018427 seconds 
  Import took 0.022390 seconds .

========================================================================
Received Import Request.
  Time since last request: 5.630706 seconds.
  path: Assets/FPS/Prefabs/Level/Rooms/Room.prefab
  artifactKey: Guid(fe6cb114d99a6d04392308c3f54db32c) Importer(815301076,1909f56bfc062723c751e8b465ee728b)
Start importing Assets/FPS/Prefabs/Level/Rooms/Room.prefab using Guid(fe6cb114d99a6d04392308c3f54db32c) Importer(815301076,1909f56bfc062723c751e8b465ee728b)  -> (artifact id: '0cfe14d050fc0dfaf5cda2faad5d3e67') in 0.017544 seconds 
  Import took 0.021383 seconds .

========================================================================
Received Prepare
Registering precompiled user dll's ...
Registered in 0.004221 seconds.
Begin MonoManager ReloadAssembly
Native extension for WindowsStandalone target not found
Refreshing native plugins compatible for Editor in 0.49 ms, found 2 plugins.
Preloading 0 native plugins for Editor in 0.00 ms.
Mono: successfully reloaded assembly
- Completed reload, in  1.145 seconds
Domain Reload Profiling:
	ReloadAssembly (1145ms)
		BeginReloadAssembly (115ms)
			ExecutionOrderSort (0ms)
			DisableScriptedObjects (6ms)
			BackupInstance (0ms)
			ReleaseScriptingObjects (0ms)
			CreateAndSetChildDomain (34ms)
		EndReloadAssembly (968ms)
			LoadAssemblies (85ms)
			RebuildTransferFunctionScriptingTraits (0ms)
			SetupTypeCache (285ms)
			ReleaseScriptCaches (2ms)
			RebuildScriptCaches (69ms)
			SetupLoadedEditorAssemblies (421ms)
				LogAssemblyErrors (0ms)
				InitializePlatformSupportModulesInManaged (10ms)
				SetLoadedEditorAssemblies (0ms)
				RefreshPlugins (1ms)
				BeforeProcessingInitializeOnLoad (97ms)
				ProcessInitializeOnLoadAttributes (305ms)
				ProcessInitializeOnLoadMethodAttributes (3ms)
				AfterProcessingInitializeOnLoad (5ms)
				EditorAssembliesLoaded (0ms)
			ExecutionOrderSort2 (0ms)
			AwakeInstancesAfterBackupRestoration (5ms)
Platform modules already initialized, skipping
Refreshing native plugins compatible for Editor in 0.41 ms, found 2 plugins.
Preloading 0 native plugins for Editor in 0.00 ms.
Unloading 2002 Unused Serialized files (Serialized files now loaded: 0)
System memory in use before: 163.4 MB.
System memory in use after: 163.4 MB.

Unloading 15 unused Assets to reduce memory usage. Loaded Objects now: 2560.
Total: 2.597800 ms (FindLiveObjects: 0.136300 ms CreateObjectMapping: 0.037200 ms MarkObjects: 2.346200 ms  DeleteObjects: 0.076800 ms)

AssetImportParameters requested are different than current active one (requested -> active):
  custom:framework-win-MediaFoundation: 216162199b28c13a410421893ffa2e32 -> 
  custom:video-decoder-ogg-theora: a1e56fd34408186e4bbccfd4996cb3dc -> 
  custom:container-muxer-webm: aa71ff27fc2769a1b78a27578f13a17b -> 
  custom:container-demuxer-webm: 4f35f7cbe854078d1ac9338744f61a02 -> 
  custom:container-demuxer-ogg: 62fdf1f143b41e24485cea50d1cbac27 -> 
  custom:video-encoder-webm-vp8: eb34c28f22e8b96e1ab97ce403110664 -> 
  custom:video-decoder-webm-vp8: 9c59270c3fd7afecdb556c50c9e8de78 -> 
  custom:audio-decoder-ogg-vorbis: bf7c407c2cedff20999df2af8eb42d56 -> 
  custom:audio-encoder-webm-vorbis: bf7c407c2cedff20999df2af8eb42d56 -> 
========================================================================
Received Import Request.
  Time since last request: 360.407171 seconds.
  path: Assets/FPS/Prefabs/Level/Rooms/Room.prefab
  artifactKey: Guid(fe6cb114d99a6d04392308c3f54db32c) Importer(815301076,1909f56bfc062723c751e8b465ee728b)
Start importing Assets/FPS/Prefabs/Level/Rooms/Room.prefab using Guid(fe6cb114d99a6d04392308c3f54db32c) Importer(815301076,1909f56bfc062723c751e8b465ee728b)  -> (artifact id: '4adf451fe30c01cc3f7f84a53f2a7a37') in 0.080367 seconds 
  Import took 0.084674 seconds .

========================================================================
Received Import Request.
  Time since last request: 22.449228 seconds.
  path: Assets/FPS/Prefabs/Level/Rooms/Room.prefab
  artifactKey: Guid(fe6cb114d99a6d04392308c3f54db32c) Importer(815301076,1909f56bfc062723c751e8b465ee728b)
Start importing Assets/FPS/Prefabs/Level/Rooms/Room.prefab using Guid(fe6cb114d99a6d04392308c3f54db32c) Importer(815301076,1909f56bfc062723c751e8b465ee728b)  -> (artifact id: '34ec97349160864c70c5dd03e3d1d73e') in 0.014946 seconds 
  Import took 0.019670 seconds .

========================================================================
Received Import Request.
  Time since last request: 10.586512 seconds.
  path: Assets/FPS/Prefabs/Level/Rooms/Room.prefab
  artifactKey: Guid(fe6cb114d99a6d04392308c3f54db32c) Importer(815301076,1909f56bfc062723c751e8b465ee728b)
Start importing Assets/FPS/Prefabs/Level/Rooms/Room.prefab using Guid(fe6cb114d99a6d04392308c3f54db32c) Importer(815301076,1909f56bfc062723c751e8b465ee728b)  -> (artifact id: 'e21f2e41bea3f156e3ad9c3b68da2804') in 0.016642 seconds 
  Import took 0.020703 seconds .

========================================================================
Received Import Request.
  Time since last request: 15.592531 seconds.
  path: Assets/FPS/Prefabs/Level/Rooms/Room.prefab
  artifactKey: Guid(fe6cb114d99a6d04392308c3f54db32c) Importer(815301076,1909f56bfc062723c751e8b465ee728b)
Start importing Assets/FPS/Prefabs/Level/Rooms/Room.prefab using Guid(fe6cb114d99a6d04392308c3f54db32c) Importer(815301076,1909f56bfc062723c751e8b465ee728b)  -> (artifact id: 'b2b5a9ccae36fe1426a7f02f4bcbc814') in 0.014694 seconds 
  Import took 0.020000 seconds .

========================================================================
Received Import Request.
  Time since last request: 3.463262 seconds.
  path: Assets/FPS/Prefabs/Level/Rooms/Room.prefab
  artifactKey: Guid(fe6cb114d99a6d04392308c3f54db32c) Importer(815301076,1909f56bfc062723c751e8b465ee728b)
Start importing Assets/FPS/Prefabs/Level/Rooms/Room.prefab using Guid(fe6cb114d99a6d04392308c3f54db32c) Importer(815301076,1909f56bfc062723c751e8b465ee728b)  -> (artifact id: 'be08a1225617cf6a70106dbd8efa65e2') in 0.014765 seconds 
  Import took 0.018373 seconds .

========================================================================
Received Import Request.
  Time since last request: 22.809137 seconds.
  path: Assets/FPS/Prefabs/Room.prefab
  artifactKey: Guid(260594a9ab916864b8ff0944db9c99e3) Importer(815301076,1909f56bfc062723c751e8b465ee728b)
Start importing Assets/FPS/Prefabs/Room.prefab using Guid(260594a9ab916864b8ff0944db9c99e3) Importer(815301076,1909f56bfc062723c751e8b465ee728b)  -> (artifact id: '598c61e0904e2a329dca33de5a09a7fa') in 0.018941 seconds 
  Import took 0.023254 seconds .

========================================================================
Received Import Request.
  Time since last request: 82.955596 seconds.
  path: Assets/FPS/Prefabs/Level/Rooms/Room.prefab
  artifactKey: Guid(fe6cb114d99a6d04392308c3f54db32c) Importer(815301076,1909f56bfc062723c751e8b465ee728b)
Start importing Assets/FPS/Prefabs/Level/Rooms/Room.prefab using Guid(fe6cb114d99a6d04392308c3f54db32c) Importer(815301076,1909f56bfc062723c751e8b465ee728b)  -> (artifact id: '30fd34a5c42588fefccb51b5ab9f0343') in 0.016822 seconds 
  Import took 0.020909 seconds .

========================================================================
Received Import Request.
  Time since last request: 6.680579 seconds.
  path: Assets/FPS/Prefabs/Level/Rooms/Room.prefab
  artifactKey: Guid(fe6cb114d99a6d04392308c3f54db32c) Importer(815301076,1909f56bfc062723c751e8b465ee728b)
Start importing Assets/FPS/Prefabs/Level/Rooms/Room.prefab using Guid(fe6cb114d99a6d04392308c3f54db32c) Importer(815301076,1909f56bfc062723c751e8b465ee728b)  -> (artifact id: '75b64d896c81036f7aa83589e038a014') in 0.015197 seconds 
  Import took 0.018893 seconds .

========================================================================
Received Prepare
Registering precompiled user dll's ...
Registered in 0.002438 seconds.
Begin MonoManager ReloadAssembly
Native extension for WindowsStandalone target not found
Refreshing native plugins compatible for Editor in 0.50 ms, found 2 plugins.
Preloading 0 native plugins for Editor in 0.00 ms.
Mono: successfully reloaded assembly
- Completed reload, in  1.154 seconds
Domain Reload Profiling:
	ReloadAssembly (1154ms)
		BeginReloadAssembly (144ms)
			ExecutionOrderSort (0ms)
			DisableScriptedObjects (8ms)
			BackupInstance (0ms)
			ReleaseScriptingObjects (0ms)
			CreateAndSetChildDomain (41ms)
		EndReloadAssembly (946ms)
			LoadAssemblies (99ms)
			RebuildTransferFunctionScriptingTraits (0ms)
			SetupTypeCache (336ms)
			ReleaseScriptCaches (1ms)
			RebuildScriptCaches (45ms)
			SetupLoadedEditorAssemblies (387ms)
				LogAssemblyErrors (0ms)
				InitializePlatformSupportModulesInManaged (5ms)
				SetLoadedEditorAssemblies (0ms)
				RefreshPlugins (1ms)
				BeforeProcessingInitializeOnLoad (79ms)
				ProcessInitializeOnLoadAttributes (294ms)
				ProcessInitializeOnLoadMethodAttributes (3ms)
				AfterProcessingInitializeOnLoad (5ms)
				EditorAssembliesLoaded (0ms)
			ExecutionOrderSort2 (0ms)
			AwakeInstancesAfterBackupRestoration (5ms)
Platform modules already initialized, skipping
Refreshing native plugins compatible for Editor in 0.45 ms, found 2 plugins.
Preloading 0 native plugins for Editor in 0.00 ms.
Unloading 2002 Unused Serialized files (Serialized files now loaded: 0)
System memory in use before: 164.1 MB.
System memory in use after: 164.2 MB.

Unloading 15 unused Assets to reduce memory usage. Loaded Objects now: 2563.
Total: 2.898500 ms (FindLiveObjects: 0.138900 ms CreateObjectMapping: 0.042300 ms MarkObjects: 2.625100 ms  DeleteObjects: 0.090800 ms)

AssetImportParameters requested are different than current active one (requested -> active):
  custom:framework-win-MediaFoundation: 216162199b28c13a410421893ffa2e32 -> 
  custom:video-decoder-ogg-theora: a1e56fd34408186e4bbccfd4996cb3dc -> 
  custom:container-muxer-webm: aa71ff27fc2769a1b78a27578f13a17b -> 
  custom:container-demuxer-webm: 4f35f7cbe854078d1ac9338744f61a02 -> 
  custom:container-demuxer-ogg: 62fdf1f143b41e24485cea50d1cbac27 -> 
  custom:video-encoder-webm-vp8: eb34c28f22e8b96e1ab97ce403110664 -> 
  custom:video-decoder-webm-vp8: 9c59270c3fd7afecdb556c50c9e8de78 -> 
  custom:audio-decoder-ogg-vorbis: bf7c407c2cedff20999df2af8eb42d56 -> 
  custom:audio-encoder-webm-vorbis: bf7c407c2cedff20999df2af8eb42d56 -> 
========================================================================
Received Prepare
Registering precompiled user dll's ...
Registered in 0.003008 seconds.
Begin MonoManager ReloadAssembly
Native extension for WindowsStandalone target not found
Refreshing native plugins compatible for Editor in 0.40 ms, found 2 plugins.
Preloading 0 native plugins for Editor in 0.00 ms.
Mono: successfully reloaded assembly
- Completed reload, in  1.139 seconds
Domain Reload Profiling:
	ReloadAssembly (1139ms)
		BeginReloadAssembly (118ms)
			ExecutionOrderSort (0ms)
			DisableScriptedObjects (3ms)
			BackupInstance (0ms)
			ReleaseScriptingObjects (0ms)
			CreateAndSetChildDomain (29ms)
		EndReloadAssembly (956ms)
			LoadAssemblies (87ms)
			RebuildTransferFunctionScriptingTraits (0ms)
			SetupTypeCache (292ms)
			ReleaseScriptCaches (1ms)
			RebuildScriptCaches (39ms)
			SetupLoadedEditorAssemblies (419ms)
				LogAssemblyErrors (0ms)
				InitializePlatformSupportModulesInManaged (5ms)
				SetLoadedEditorAssemblies (0ms)
				RefreshPlugins (0ms)
				BeforeProcessingInitializeOnLoad (93ms)
				ProcessInitializeOnLoadAttributes (313ms)
				ProcessInitializeOnLoadMethodAttributes (3ms)
				AfterProcessingInitializeOnLoad (4ms)
				EditorAssembliesLoaded (0ms)
			ExecutionOrderSort2 (0ms)
			AwakeInstancesAfterBackupRestoration (8ms)
Platform modules already initialized, skipping
Refreshing native plugins compatible for Editor in 0.61 ms, found 2 plugins.
Preloading 0 native plugins for Editor in 0.00 ms.
Unloading 2002 Unused Serialized files (Serialized files now loaded: 0)
System memory in use before: 164.2 MB.
System memory in use after: 164.2 MB.

Unloading 15 unused Assets to reduce memory usage. Loaded Objects now: 2565.
Total: 4.389900 ms (FindLiveObjects: 0.362000 ms CreateObjectMapping: 0.156800 ms MarkObjects: 3.783500 ms  DeleteObjects: 0.084300 ms)

AssetImportParameters requested are different than current active one (requested -> active):
  custom:framework-win-MediaFoundation: 216162199b28c13a410421893ffa2e32 -> 
  custom:video-decoder-ogg-theora: a1e56fd34408186e4bbccfd4996cb3dc -> 
  custom:container-muxer-webm: aa71ff27fc2769a1b78a27578f13a17b -> 
  custom:container-demuxer-webm: 4f35f7cbe854078d1ac9338744f61a02 -> 
  custom:container-demuxer-ogg: 62fdf1f143b41e24485cea50d1cbac27 -> 
  custom:video-encoder-webm-vp8: eb34c28f22e8b96e1ab97ce403110664 -> 
  custom:video-decoder-webm-vp8: 9c59270c3fd7afecdb556c50c9e8de78 -> 
  custom:audio-decoder-ogg-vorbis: bf7c407c2cedff20999df2af8eb42d56 -> 
  custom:audio-encoder-webm-vorbis: bf7c407c2cedff20999df2af8eb42d56 -> 
AssetImportWorkerClient::OnTransportError - code=2 error=End of file
